# JRE version: OpenJDK Runtime Environment (8.0_242-b01) (build 1.8.0_242-release-1644-b01)
# Java VM: OpenJDK 64-Bit Server VM (25.242-b01 mixed mode windows-amd64 compressed oops)
Heap:
 PSYoungGen      total 1155584K, used 915465K [0x000000076ab00000, 0x00000007c0000000, 0x00000007c0000000)
  eden space 911872K, 99% used [0x000000076ab00000,0x00000007a25325e8,0x00000007a2580000)
  from space 243712K, 1% used [0x00000007b1200000,0x00000007b15d0010,0x00000007c0000000)
  to   space 242176K, 7% used [0x00000007a2580000,0x00000007a3766420,0x00000007b1200000)
 ParOldGen       total 1117696K, used 1011423K [0x00000006c0000000, 0x0000000704380000, 0x000000076ab00000)
  object space 1117696K, 90% used [0x00000006c0000000,0x00000006fdbb7cf0,0x0000000704380000)
 Metaspace       used 108307K, capacity 114196K, committed 114344K, reserved 1148928K
  class space    used 13826K, capacity 14930K, committed 15024K, reserved 1048576K
GC Heap History (10 events):
Event: 81.292 GC heap after
Heap after GC invocations=40 (full 6):
 PSYoungGen      total 1000448K, used 22509K [0x000000076ab00000, 0x00000007b4400000, 0x00000007c0000000)
  eden space 822272K, 0% used [0x000000076ab00000,0x000000076ab00000,0x000000079ce00000)
  from space 178176K, 12% used [0x00000007a9600000,0x00000007aabfb6a0,0x00000007b4400000)
  to   space 191488K, 0% used [0x000000079ce00000,0x000000079ce00000,0x00000007a8900000)
 ParOldGen       total 492544K, used 368238K [0x00000006c0000000, 0x00000006de100000, 0x000000076ab00000)
  object space 492544K, 74% used [0x00000006c0000000,0x00000006d679b908,0x00000006de100000)
 Metaspace       used 107097K, capacity 113028K, committed 113192K, reserved 1146880K
  class space    used 13721K, capacity 14844K, committed 14896K, reserved 1048576K
}
Event: 84.983 GC heap before
{Heap before GC invocations=41 (full 6):
 PSYoungGen      total 1000448K, used 844781K [0x000000076ab00000, 0x00000007b4400000, 0x00000007c0000000)
  eden space 822272K, 100% used [0x000000076ab00000,0x000000079ce00000,0x000000079ce00000)
  from space 178176K, 12% used [0x00000007a9600000,0x00000007aabfb6a0,0x00000007b4400000)
  to   space 191488K, 0% used [0x000000079ce00000,0x000000079ce00000,0x00000007a8900000)
 ParOldGen       total 492544K, used 368238K [0x00000006c0000000, 0x00000006de100000, 0x000000076ab00000)
  object space 492544K, 74% used [0x00000006c0000000,0x00000006d679b908,0x00000006de100000)
 Metaspace       used 107179K, capacity 113034K, committed 113192K, reserved 1146880K
  class space    used 13722K, capacity 14845K, committed 14896K, reserved 1048576K
Event: 85.118 GC heap after
Heap after GC invocations=41 (full 6):
 PSYoungGen      total 1013760K, used 147729K [0x000000076ab00000, 0x00000007bbd80000, 0x00000007c0000000)
  eden space 822272K, 0% used [0x000000076ab00000,0x000000076ab00000,0x000000079ce00000)
  from space 191488K, 77% used [0x000000079ce00000,0x00000007a5e445d0,0x00000007a8900000)
  to   space 210432K, 0% used [0x00000007af000000,0x00000007af000000,0x00000007bbd80000)
 ParOldGen       total 492544K, used 368238K [0x00000006c0000000, 0x00000006de100000, 0x000000076ab00000)
  object space 492544K, 74% used [0x00000006c0000000,0x00000006d679b908,0x00000006de100000)
 Metaspace       used 107179K, capacity 113034K, committed 113192K, reserved 1146880K
  class space    used 13722K, capacity 14845K, committed 14896K, reserved 1048576K
}
Event: 86.402 GC heap before
{Heap before GC invocations=42 (full 6):
 PSYoungGen      total 1013760K, used 970001K [0x000000076ab00000, 0x00000007bbd80000, 0x00000007c0000000)
  eden space 822272K, 100% used [0x000000076ab00000,0x000000079ce00000,0x000000079ce00000)
  from space 191488K, 77% used [0x000000079ce00000,0x00000007a5e445d0,0x00000007a8900000)
  to   space 210432K, 0% used [0x00000007af000000,0x00000007af000000,0x00000007bbd80000)
 ParOldGen       total 492544K, used 368238K [0x00000006c0000000, 0x00000006de100000, 0x000000076ab00000)
  object space 492544K, 74% used [0x00000006c0000000,0x00000006d679b908,0x00000006de100000)
 Metaspace       used 107210K, capacity 113100K, committed 113192K, reserved 1146880K
  class space    used 13723K, capacity 14846K, committed 14896K, reserved 1048576K
Event: 86.576 GC heap after
Heap after GC invocations=42 (full 6):
 PSYoungGen      total 1099264K, used 163719K [0x000000076ab00000, 0x00000007bff80000, 0x00000007c0000000)
  eden space 888832K, 0% used [0x000000076ab00000,0x000000076ab00000,0x00000007a0f00000)
  from space 210432K, 77% used [0x00000007af000000,0x00000007b8fe1e40,0x00000007bbd80000)
  to   space 230400K, 0% used [0x00000007a0f00000,0x00000007a0f00000,0x00000007af000000)
 ParOldGen       total 492544K, used 368238K [0x00000006c0000000, 0x00000006de100000, 0x000000076ab00000)
  object space 492544K, 74% used [0x00000006c0000000,0x00000006d679b908,0x00000006de100000)
 Metaspace       used 107210K, capacity 113100K, committed 113192K, reserved 1146880K
  class space    used 13723K, capacity 14846K, committed 14896K, reserved 1048576K
}
Event: 88.601 GC heap before
{Heap before GC invocations=43 (full 6):
 PSYoungGen      total 1099264K, used 1052551K [0x000000076ab00000, 0x00000007bff80000, 0x00000007c0000000)
  eden space 888832K, 100% used [0x000000076ab00000,0x00000007a0f00000,0x00000007a0f00000)
  from space 210432K, 77% used [0x00000007af000000,0x00000007b8fe1e40,0x00000007bbd80000)
  to   space 230400K, 0% used [0x00000007a0f00000,0x00000007a0f00000,0x00000007af000000)
 ParOldGen       total 492544K, used 368238K [0x00000006c0000000, 0x00000006de100000, 0x000000076ab00000)
  object space 492544K, 74% used [0x00000006c0000000,0x00000006d679b908,0x00000006de100000)
 Metaspace       used 107221K, capacity 113100K, committed 113192K, reserved 1146880K
  class space    used 13723K, capacity 14846K, committed 14896K, reserved 1048576K
Event: 88.753 GC heap after
Heap after GC invocations=43 (full 6):
 PSYoungGen      total 1119232K, used 156142K [0x000000076ab00000, 0x00000007c0000000, 0x00000007c0000000)
  eden space 888832K, 0% used [0x000000076ab00000,0x000000076ab00000,0x00000007a0f00000)
  from space 230400K, 67% used [0x00000007a0f00000,0x00000007aa77bab8,0x00000007af000000)
  to   space 243712K, 0% used [0x00000007b1200000,0x00000007b1200000,0x00000007c0000000)
 ParOldGen       total 492544K, used 377884K [0x00000006c0000000, 0x00000006de100000, 0x000000076ab00000)
  object space 492544K, 76% used [0x00000006c0000000,0x00000006d7107288,0x00000006de100000)
 Metaspace       used 107221K, capacity 113100K, committed 113192K, reserved 1146880K
  class space    used 13723K, capacity 14846K, committed 14896K, reserved 1048576K
}
Event: 90.725 GC heap before
{Heap before GC invocations=44 (full 6):
 PSYoungGen      total 1119232K, used 1044974K [0x000000076ab00000, 0x00000007c0000000, 0x00000007c0000000)
  eden space 888832K, 100% used [0x000000076ab00000,0x00000007a0f00000,0x00000007a0f00000)
  from space 230400K, 67% used [0x00000007a0f00000,0x00000007aa77bab8,0x00000007af000000)
  to   space 243712K, 0% used [0x00000007b1200000,0x00000007b1200000,0x00000007c0000000)
 ParOldGen       total 492544K, used 377884K [0x00000006c0000000, 0x00000006de100000, 0x000000076ab00000)
  object space 492544K, 76% used [0x00000006c0000000,0x00000006d7107288,0x00000006de100000)
 Metaspace       used 107223K, capacity 113100K, committed 113192K, reserved 1146880K
  class space    used 13723K, capacity 14846K, committed 14896K, reserved 1048576K
Event: 90.747 GC heap after
Heap after GC invocations=44 (full 6):
 PSYoungGen      total 1155584K, used 3904K [0x000000076ab00000, 0x00000007c0000000, 0x00000007c0000000)
  eden space 911872K, 0% used [0x000000076ab00000,0x000000076ab00000,0x00000007a2580000)
  from space 243712K, 1% used [0x00000007b1200000,0x00000007b15d0010,0x00000007c0000000)
  to   space 242176K, 0% used [0x00000007a2580000,0x00000007a2580000,0x00000007b1200000)
 ParOldGen       total 492544K, used 386280K [0x00000006c0000000, 0x00000006de100000, 0x000000076ab00000)
  object space 492544K, 78% used [0x00000006c0000000,0x00000006d793a078,0x00000006de100000)
 Metaspace       used 107223K, capacity 113100K, committed 113192K, reserved 1146880K
  class space    used 13723K, capacity 14846K, committed 14896K, reserved 1048576K
}
Event: 108.921 GC heap before
{Heap before GC invocations=45 (full 6):
 PSYoungGen      total 1155584K, used 915465K [0x000000076ab00000, 0x00000007c0000000, 0x00000007c0000000)
  eden space 911872K, 99% used [0x000000076ab00000,0x00000007a25325e8,0x00000007a2580000)
  from space 243712K, 1% used [0x00000007b1200000,0x00000007b15d0010,0x00000007c0000000)
  to   space 242176K, 0% used [0x00000007a2580000,0x00000007a2580000,0x00000007b1200000)
 ParOldGen       total 492544K, used 386280K [0x00000006c0000000, 0x00000006de100000, 0x000000076ab00000)
  object space 492544K, 78% used [0x00000006c0000000,0x00000006d793a078,0x00000006de100000)
 Metaspace       used 108307K, capacity 114196K, committed 114344K, reserved 1148928K
  class space    used 13826K, capacity 14930K, committed 15024K, reserved 1048576K

