# JRE version: OpenJDK Runtime Environment (8.0_212-b04) (build 1.8.0_212-release-1586-b04)
# Java VM: OpenJDK 64-Bit Server VM (25.212-b04 mixed mode windows-amd64 compressed oops)
Heap:
 PSYoungGen      total 245760K, used 139096K [0x00000000eab00000, 0x0000000100000000, 0x0000000100000000)
  eden space 142336K, 97% used [0x00000000eab00000,0x00000000f32d62c8,0x00000000f3600000)
  from space 103424K, 0% used [0x00000000f3600000,0x00000000f3600000,0x00000000f9b00000)
  to   space 96768K, 0% used [0x00000000fa180000,0x00000000fa180000,0x0000000100000000)
 ParOldGen       total 608768K, used 232606K [0x00000000c0000000, 0x00000000e5280000, 0x00000000eab00000)
  object space 608768K, 38% used [0x00000000c0000000,0x00000000ce3278b8,0x00000000e5280000)
 Metaspace       used 127371K, capacity 136022K, committed 137776K, reserved 1169408K
  class space    used 15808K, capacity 17485K, committed 17968K, reserved 1048576K
GC Heap History (10 events):
Event: 21429.599 GC heap before
{Heap before GC invocations=294 (full 14):
 PSYoungGen      total 263168K, used 218121K [0x00000000eab00000, 0x0000000100000000, 0x0000000100000000)
  eden space 177152K, 99% used [0x00000000eab00000,0x00000000f570e138,0x00000000f5800000)
  from space 86016K, 48% used [0x00000000f5800000,0x00000000f80f44a0,0x00000000fac00000)
  to   space 86016K, 0% used [0x00000000fac00000,0x00000000fac00000,0x0000000100000000)
 ParOldGen       total 547840K, used 409046K [0x00000000c0000000, 0x00000000e1700000, 0x00000000eab00000)
  object space 547840K, 74% used [0x00000000c0000000,0x00000000d8f75a18,0x00000000e1700000)
 Metaspace       used 127510K, capacity 136194K, committed 137776K, reserved 1169408K
  class space    used 15828K, capacity 17525K, committed 17968K, reserved 1048576K
Event: 21429.609 GC heap after
Heap after GC invocations=294 (full 14):
 PSYoungGen      total 260096K, used 1568K [0x00000000eab00000, 0x00000000ffd00000, 0x0000000100000000)
  eden space 177152K, 0% used [0x00000000eab00000,0x00000000eab00000,0x00000000f5800000)
  from space 82944K, 1% used [0x00000000fac00000,0x00000000fad88040,0x00000000ffd00000)
  to   space 84480K, 0% used [0x00000000f5800000,0x00000000f5800000,0x00000000faa80000)
 ParOldGen       total 547840K, used 413318K [0x00000000c0000000, 0x00000000e1700000, 0x00000000eab00000)
  object space 547840K, 75% used [0x00000000c0000000,0x00000000d93a1a28,0x00000000e1700000)
 Metaspace       used 127510K, capacity 136194K, committed 137776K, reserved 1169408K
  class space    used 15828K, capacity 17525K, committed 17968K, reserved 1048576K
}
Event: 21429.871 GC heap before
{Heap before GC invocations=295 (full 14):
 PSYoungGen      total 260096K, used 178720K [0x00000000eab00000, 0x00000000ffd00000, 0x0000000100000000)
  eden space 177152K, 100% used [0x00000000eab00000,0x00000000f5800000,0x00000000f5800000)
  from space 82944K, 1% used [0x00000000fac00000,0x00000000fad88040,0x00000000ffd00000)
  to   space 84480K, 0% used [0x00000000f5800000,0x00000000f5800000,0x00000000faa80000)
 ParOldGen       total 547840K, used 413318K [0x00000000c0000000, 0x00000000e1700000, 0x00000000eab00000)
  object space 547840K, 75% used [0x00000000c0000000,0x00000000d93a1a28,0x00000000e1700000)
 Metaspace       used 127513K, capacity 136194K, committed 137776K, reserved 1169408K
  class space    used 15828K, capacity 17525K, committed 17968K, reserved 1048576K
Event: 21429.923 GC heap after
Heap after GC invocations=295 (full 14):
 PSYoungGen      total 261632K, used 84465K [0x00000000eab00000, 0x0000000100000000, 0x0000000100000000)
  eden space 177152K, 0% used [0x00000000eab00000,0x00000000eab00000,0x00000000f5800000)
  from space 84480K, 99% used [0x00000000f5800000,0x00000000faa7c418,0x00000000faa80000)
  to   space 87552K, 0% used [0x00000000faa80000,0x00000000faa80000,0x0000000100000000)
 ParOldGen       total 547840K, used 415204K [0x00000000c0000000, 0x00000000e1700000, 0x00000000eab00000)
  object space 547840K, 75% used [0x00000000c0000000,0x00000000d9579210,0x00000000e1700000)
 Metaspace       used 127513K, capacity 136194K, committed 137776K, reserved 1169408K
  class space    used 15828K, capacity 17525K, committed 17968K, reserved 1048576K
}
Event: 21430.459 GC heap before
{Heap before GC invocations=296 (full 14):
 PSYoungGen      total 261632K, used 261617K [0x00000000eab00000, 0x0000000100000000, 0x0000000100000000)
  eden space 177152K, 100% used [0x00000000eab00000,0x00000000f5800000,0x00000000f5800000)
  from space 84480K, 99% used [0x00000000f5800000,0x00000000faa7c418,0x00000000faa80000)
  to   space 87552K, 0% used [0x00000000faa80000,0x00000000faa80000,0x0000000100000000)
 ParOldGen       total 547840K, used 415204K [0x00000000c0000000, 0x00000000e1700000, 0x00000000eab00000)
  object space 547840K, 75% used [0x00000000c0000000,0x00000000d9579210,0x00000000e1700000)
 Metaspace       used 127520K, capacity 136194K, committed 137776K, reserved 1169408K
  class space    used 15828K, capacity 17525K, committed 17968K, reserved 1048576K
Event: 21430.536 GC heap after
Heap after GC invocations=296 (full 14):
 PSYoungGen      total 229888K, used 54796K [0x00000000eab00000, 0x0000000100000000, 0x0000000100000000)
  eden space 142336K, 0% used [0x00000000eab00000,0x00000000eab00000,0x00000000f3600000)
  from space 87552K, 62% used [0x00000000faa80000,0x00000000fe0030e0,0x0000000100000000)
  to   space 103424K, 0% used [0x00000000f3600000,0x00000000f3600000,0x00000000f9b00000)
 ParOldGen       total 547840K, used 469952K [0x00000000c0000000, 0x00000000e1700000, 0x00000000eab00000)
  object space 547840K, 85% used [0x00000000c0000000,0x00000000dcaf0160,0x00000000e1700000)
 Metaspace       used 127520K, capacity 136194K, committed 137776K, reserved 1169408K
  class space    used 15828K, capacity 17525K, committed 17968K, reserved 1048576K
}
Event: 21431.105 GC heap before
{Heap before GC invocations=297 (full 14):
 PSYoungGen      total 229888K, used 197132K [0x00000000eab00000, 0x0000000100000000, 0x0000000100000000)
  eden space 142336K, 100% used [0x00000000eab00000,0x00000000f3600000,0x00000000f3600000)
  from space 87552K, 62% used [0x00000000faa80000,0x00000000fe0030e0,0x0000000100000000)
  to   space 103424K, 0% used [0x00000000f3600000,0x00000000f3600000,0x00000000f9b00000)
 ParOldGen       total 547840K, used 469952K [0x00000000c0000000, 0x00000000e1700000, 0x00000000eab00000)
  object space 547840K, 85% used [0x00000000c0000000,0x00000000dcaf0160,0x00000000e1700000)
 Metaspace       used 127520K, capacity 136194K, committed 137776K, reserved 1169408K
  class space    used 15828K, capacity 17525K, committed 17968K, reserved 1048576K
Event: 21431.159 GC heap after
Heap after GC invocations=297 (full 14):
 PSYoungGen      total 245760K, used 31217K [0x00000000eab00000, 0x0000000100000000, 0x0000000100000000)
  eden space 142336K, 0% used [0x00000000eab00000,0x00000000eab00000,0x00000000f3600000)
  from space 103424K, 30% used [0x00000000f3600000,0x00000000f547c478,0x00000000f9b00000)
  to   space 96768K, 0% used [0x00000000fa180000,0x00000000fa180000,0x0000000100000000)
 ParOldGen       total 547840K, used 522239K [0x00000000c0000000, 0x00000000e1700000, 0x00000000eab00000)
  object space 547840K, 95% used [0x00000000c0000000,0x00000000dfdffd00,0x00000000e1700000)
 Metaspace       used 127520K, capacity 136194K, committed 137776K, reserved 1169408K
  class space    used 15828K, capacity 17525K, committed 17968K, reserved 1048576K
}
Event: 21431.159 GC heap before
{Heap before GC invocations=298 (full 15):
 PSYoungGen      total 245760K, used 31217K [0x00000000eab00000, 0x0000000100000000, 0x0000000100000000)
  eden space 142336K, 0% used [0x00000000eab00000,0x00000000eab00000,0x00000000f3600000)
  from space 103424K, 30% used [0x00000000f3600000,0x00000000f547c478,0x00000000f9b00000)
  to   space 96768K, 0% used [0x00000000fa180000,0x00000000fa180000,0x0000000100000000)
 ParOldGen       total 547840K, used 522239K [0x00000000c0000000, 0x00000000e1700000, 0x00000000eab00000)
  object space 547840K, 95% used [0x00000000c0000000,0x00000000dfdffd00,0x00000000e1700000)
 Metaspace       used 127520K, capacity 136194K, committed 137776K, reserved 1169408K
  class space    used 15828K, capacity 17525K, committed 17968K, reserved 1048576K
Event: 21431.986 GC heap after
Heap after GC invocations=298 (full 15):
 PSYoungGen      total 245760K, used 0K [0x00000000eab00000, 0x0000000100000000, 0x0000000100000000)
  eden space 142336K, 0% used [0x00000000eab00000,0x00000000eab00000,0x00000000f3600000)
  from space 103424K, 0% used [0x00000000f3600000,0x00000000f3600000,0x00000000f9b00000)
  to   space 96768K, 0% used [0x00000000fa180000,0x00000000fa180000,0x0000000100000000)
 ParOldGen       total 608768K, used 232606K [0x00000000c0000000, 0x00000000e5280000, 0x00000000eab00000)
  object space 608768K, 38% used [0x00000000c0000000,0x00000000ce3278b8,0x00000000e5280000)
 Metaspace       used 127370K, capacity 136022K, committed 137776K, reserved 1169408K
  class space    used 15808K, capacity 17485K, committed 17968K, reserved 1048576K
}

