# JRE version: OpenJDK Runtime Environment (8.0_242-b01) (build 1.8.0_242-release-1644-b01)
# Java VM: OpenJDK 64-Bit Server VM (25.242-b01 mixed mode windows-amd64 compressed oops)
Heap:
 PSYoungGen      total 1181184K, used 55971K [0x000000076ab00000, 0x00000007c0000000, 0x00000007c0000000)
  eden space 964608K, 0% used [0x000000076ab00000,0x000000076ab00000,0x00000007a5900000)
  from space 216576K, 25% used [0x00000007a5900000,0x00000007a8fa8e80,0x00000007b2c80000)
  to   space 202752K, 0% used [0x00000007b3a00000,0x00000007b3a00000,0x00000007c0000000)
 ParOldGen       total 658432K, used 530807K [0x00000006c0000000, 0x00000006e8300000, 0x000000076ab00000)
  object space 658432K, 80% used [0x00000006c0000000,0x00000006e065ddc0,0x00000006e8300000)
 Metaspace       used 181562K, capacity 193457K, committed 193624K, reserved 1218560K
  class space    used 22538K, capacity 24816K, committed 24960K, reserved 1048576K
GC Heap History (10 events):
Event: 706.040 GC heap after
Heap after GC invocations=78 (full 10):
 PSYoungGen      total 1293824K, used 56110K [0x000000076ab00000, 0x00000007c0000000, 0x00000007c0000000)
  eden space 1199104K, 0% used [0x000000076ab00000,0x000000076ab00000,0x00000007b3e00000)
  from space 94720K, 59% used [0x00000007ba380000,0x00000007bda4b878,0x00000007c0000000)
  to   space 99328K, 0% used [0x00000007b3e00000,0x00000007b3e00000,0x00000007b9f00000)
 ParOldGen       total 367104K, used 152926K [0x00000006c0000000, 0x00000006d6680000, 0x000000076ab00000)
  object space 367104K, 41% used [0x00000006c0000000,0x00000006c9557978,0x00000006d6680000)
 Metaspace       used 181260K, capacity 193153K, committed 193368K, reserved 1218560K
  class space    used 22533K, capacity 24784K, committed 24960K, reserved 1048576K
}
Event: 709.495 GC heap before
{Heap before GC invocations=79 (full 10):
 PSYoungGen      total 1293824K, used 1255214K [0x000000076ab00000, 0x00000007c0000000, 0x00000007c0000000)
  eden space 1199104K, 100% used [0x000000076ab00000,0x00000007b3e00000,0x00000007b3e00000)
  from space 94720K, 59% used [0x00000007ba380000,0x00000007bda4b878,0x00000007c0000000)
  to   space 99328K, 0% used [0x00000007b3e00000,0x00000007b3e00000,0x00000007b9f00000)
 ParOldGen       total 367104K, used 152926K [0x00000006c0000000, 0x00000006d6680000, 0x000000076ab00000)
  object space 367104K, 41% used [0x00000006c0000000,0x00000006c9557978,0x00000006d6680000)
 Metaspace       used 181526K, capacity 193353K, committed 193624K, reserved 1218560K
  class space    used 22535K, capacity 24784K, committed 24960K, reserved 1048576K
Event: 709.743 GC heap after
Heap after GC invocations=79 (full 10):
 PSYoungGen      total 1298432K, used 99311K [0x000000076ab00000, 0x00000007c0000000, 0x00000007c0000000)
  eden space 1199104K, 0% used [0x000000076ab00000,0x000000076ab00000,0x00000007b3e00000)
  from space 99328K, 99% used [0x00000007b3e00000,0x00000007b9efbc78,0x00000007b9f00000)
  to   space 99328K, 0% used [0x00000007b9f00000,0x00000007b9f00000,0x00000007c0000000)
 ParOldGen       total 367104K, used 342214K [0x00000006c0000000, 0x00000006d6680000, 0x000000076ab00000)
  object space 367104K, 93% used [0x00000006c0000000,0x00000006d4e31990,0x00000006d6680000)
 Metaspace       used 181526K, capacity 193353K, committed 193624K, reserved 1218560K
  class space    used 22535K, capacity 24784K, committed 24960K, reserved 1048576K
}
Event: 709.743 GC heap before
{Heap before GC invocations=80 (full 11):
 PSYoungGen      total 1298432K, used 99311K [0x000000076ab00000, 0x00000007c0000000, 0x00000007c0000000)
  eden space 1199104K, 0% used [0x000000076ab00000,0x000000076ab00000,0x00000007b3e00000)
  from space 99328K, 99% used [0x00000007b3e00000,0x00000007b9efbc78,0x00000007b9f00000)
  to   space 99328K, 0% used [0x00000007b9f00000,0x00000007b9f00000,0x00000007c0000000)
 ParOldGen       total 367104K, used 342214K [0x00000006c0000000, 0x00000006d6680000, 0x000000076ab00000)
  object space 367104K, 93% used [0x00000006c0000000,0x00000006d4e31990,0x00000006d6680000)
 Metaspace       used 181526K, capacity 193353K, committed 193624K, reserved 1218560K
  class space    used 22535K, capacity 24784K, committed 24960K, reserved 1048576K
Event: 710.852 GC heap after
Heap after GC invocations=80 (full 11):
 PSYoungGen      total 1298432K, used 41601K [0x000000076ab00000, 0x00000007c0000000, 0x00000007c0000000)
  eden space 1199104K, 0% used [0x000000076ab00000,0x000000076ab00000,0x00000007b3e00000)
  from space 99328K, 41% used [0x00000007b3e00000,0x00000007b66a0760,0x00000007b9f00000)
  to   space 99328K, 0% used [0x00000007b9f00000,0x00000007b9f00000,0x00000007c0000000)
 ParOldGen       total 658432K, used 367043K [0x00000006c0000000, 0x00000006e8300000, 0x000000076ab00000)
  object space 658432K, 55% used [0x00000006c0000000,0x00000006d6670e98,0x00000006e8300000)
 Metaspace       used 181526K, capacity 193353K, committed 193624K, reserved 1218560K
  class space    used 22535K, capacity 24784K, committed 24960K, reserved 1048576K
}
Event: 714.126 GC heap before
{Heap before GC invocations=81 (full 11):
 PSYoungGen      total 1298432K, used 1240705K [0x000000076ab00000, 0x00000007c0000000, 0x00000007c0000000)
  eden space 1199104K, 100% used [0x000000076ab00000,0x00000007b3e00000,0x00000007b3e00000)
  from space 99328K, 41% used [0x00000007b3e00000,0x00000007b66a0760,0x00000007b9f00000)
  to   space 99328K, 0% used [0x00000007b9f00000,0x00000007b9f00000,0x00000007c0000000)
 ParOldGen       total 658432K, used 367043K [0x00000006c0000000, 0x00000006e8300000, 0x000000076ab00000)
  object space 658432K, 55% used [0x00000006c0000000,0x00000006d6670e98,0x00000006e8300000)
 Metaspace       used 181536K, capacity 193385K, committed 193624K, reserved 1218560K
  class space    used 22537K, capacity 24816K, committed 24960K, reserved 1048576K
Event: 714.285 GC heap after
Heap after GC invocations=81 (full 11):
 PSYoungGen      total 1063936K, used 99304K [0x000000076ab00000, 0x00000007c0000000, 0x00000007c0000000)
  eden space 964608K, 0% used [0x000000076ab00000,0x000000076ab00000,0x00000007a5900000)
  from space 99328K, 99% used [0x00000007b9f00000,0x00000007bfffa350,0x00000007c0000000)
  to   space 216576K, 0% used [0x00000007a5900000,0x00000007a5900000,0x00000007b2c80000)
 ParOldGen       total 658432K, used 432896K [0x00000006c0000000, 0x00000006e8300000, 0x000000076ab00000)
  object space 658432K, 65% used [0x00000006c0000000,0x00000006da6c0350,0x00000006e8300000)
 Metaspace       used 181536K, capacity 193385K, committed 193624K, reserved 1218560K
  class space    used 22537K, capacity 24816K, committed 24960K, reserved 1048576K
}
Event: 718.023 GC heap before
{Heap before GC invocations=82 (full 11):
 PSYoungGen      total 1063936K, used 1063912K [0x000000076ab00000, 0x00000007c0000000, 0x00000007c0000000)
  eden space 964608K, 100% used [0x000000076ab00000,0x00000007a5900000,0x00000007a5900000)
  from space 99328K, 99% used [0x00000007b9f00000,0x00000007bfffa350,0x00000007c0000000)
  to   space 216576K, 0% used [0x00000007a5900000,0x00000007a5900000,0x00000007b2c80000)
 ParOldGen       total 658432K, used 432896K [0x00000006c0000000, 0x00000006e8300000, 0x000000076ab00000)
  object space 658432K, 65% used [0x00000006c0000000,0x00000006da6c0350,0x00000006e8300000)
 Metaspace       used 181562K, capacity 193457K, committed 193624K, reserved 1218560K
  class space    used 22538K, capacity 24816K, committed 24960K, reserved 1048576K
Event: 718.184 GC heap after
Heap after GC invocations=82 (full 11):
 PSYoungGen      total 1181184K, used 55971K [0x000000076ab00000, 0x00000007c0000000, 0x00000007c0000000)
  eden space 964608K, 0% used [0x000000076ab00000,0x000000076ab00000,0x00000007a5900000)
  from space 216576K, 25% used [0x00000007a5900000,0x00000007a8fa8e80,0x00000007b2c80000)
  to   space 202752K, 0% used [0x00000007b3a00000,0x00000007b3a00000,0x00000007c0000000)
 ParOldGen       total 658432K, used 530807K [0x00000006c0000000, 0x00000006e8300000, 0x000000076ab00000)
  object space 658432K, 80% used [0x00000006c0000000,0x00000006e065ddc0,0x00000006e8300000)
 Metaspace       used 181562K, capacity 193457K, committed 193624K, reserved 1218560K
  class space    used 22538K, capacity 24816K, committed 24960K, reserved 1048576K
}
Event: 718.185 GC heap before
{Heap before GC invocations=83 (full 12):
 PSYoungGen      total 1181184K, used 55971K [0x000000076ab00000, 0x00000007c0000000, 0x00000007c0000000)
  eden space 964608K, 0% used [0x000000076ab00000,0x000000076ab00000,0x00000007a5900000)
  from space 216576K, 25% used [0x00000007a5900000,0x00000007a8fa8e80,0x00000007b2c80000)
  to   space 202752K, 0% used [0x00000007b3a00000,0x00000007b3a00000,0x00000007c0000000)
 ParOldGen       total 658432K, used 530807K [0x00000006c0000000, 0x00000006e8300000, 0x000000076ab00000)
  object space 658432K, 80% used [0x00000006c0000000,0x00000006e065ddc0,0x00000006e8300000)
 Metaspace       used 181562K, capacity 193457K, committed 193624K, reserved 1218560K
  class space    used 22538K, capacity 24816K, committed 24960K, reserved 1048576K

