# JRE version: OpenJDK Runtime Environment (8.0_152-b01) (build 1.8.0_152-release-915-b01)
# Java VM: OpenJDK 64-Bit Server VM (25.152-b01 mixed mode windows-amd64 compressed oops)
Heap:
 PSYoungGen      total 273920K, used 37201K [0x00000000eab00000, 0x0000000100000000, 0x0000000100000000)
  eden space 231424K, 16% used [0x00000000eab00000,0x00000000ecf54780,0x00000000f8d00000)
  from space 42496K, 0% used [0x00000000fd680000,0x00000000fd680000,0x0000000100000000)
  to   space 58880K, 0% used [0x00000000f8d00000,0x00000000f8d00000,0x00000000fc680000)
 ParOldGen       total 251904K, used 158125K [0x00000000c0000000, 0x00000000cf600000, 0x00000000eab00000)
  object space 251904K, 62% used [0x00000000c0000000,0x00000000c9a6b758,0x00000000cf600000)
 Metaspace       used 92362K, capacity 100426K, committed 101268K, reserved 1136640K
  class space    used 11532K, capacity 13307K, committed 13500K, reserved 1048576K
GC Heap History (10 events):
Event: 5509.801 GC heap before
{Heap before GC invocations=67 (full 6):
 PSYoungGen      total 296448K, used 257256K [0x00000000eab00000, 0x00000000ffa80000, 0x0000000100000000)
  eden space 252416K, 100% used [0x00000000eab00000,0x00000000fa180000,0x00000000fa180000)
  from space 44032K, 10% used [0x00000000fcf80000,0x00000000fd43a090,0x00000000ffa80000)
  to   space 45568K, 0% used [0x00000000fa180000,0x00000000fa180000,0x00000000fce00000)
 ParOldGen       total 201728K, used 156254K [0x00000000c0000000, 0x00000000cc500000, 0x00000000eab00000)
  object space 201728K, 77% used [0x00000000c0000000,0x00000000c9897b90,0x00000000cc500000)
 Metaspace       used 92683K, capacity 101070K, committed 101268K, reserved 1136640K
  class space    used 11595K, capacity 13461K, committed 13500K, reserved 1048576K
Event: 5509.940 GC heap after
Heap after GC invocations=67 (full 6):
 PSYoungGen      total 297984K, used 4256K [0x00000000eab00000, 0x00000000ffe80000, 0x0000000100000000)
  eden space 252416K, 0% used [0x00000000eab00000,0x00000000eab00000,0x00000000fa180000)
  from space 45568K, 9% used [0x00000000fa180000,0x00000000fa5a8070,0x00000000fce00000)
  to   space 44032K, 0% used [0x00000000fd380000,0x00000000fd380000,0x00000000ffe80000)
 ParOldGen       total 201728K, used 159222K [0x00000000c0000000, 0x00000000cc500000, 0x00000000eab00000)
  object space 201728K, 78% used [0x00000000c0000000,0x00000000c9b7db90,0x00000000cc500000)
 Metaspace       used 92683K, capacity 101070K, committed 101268K, reserved 1136640K
  class space    used 11595K, capacity 13461K, committed 13500K, reserved 1048576K
}
Event: 5510.550 GC heap before
{Heap before GC invocations=68 (full 6):
 PSYoungGen      total 297984K, used 256672K [0x00000000eab00000, 0x00000000ffe80000, 0x0000000100000000)
  eden space 252416K, 100% used [0x00000000eab00000,0x00000000fa180000,0x00000000fa180000)
  from space 45568K, 9% used [0x00000000fa180000,0x00000000fa5a8070,0x00000000fce00000)
  to   space 44032K, 0% used [0x00000000fd380000,0x00000000fd380000,0x00000000ffe80000)
 ParOldGen       total 201728K, used 159222K [0x00000000c0000000, 0x00000000cc500000, 0x00000000eab00000)
  object space 201728K, 78% used [0x00000000c0000000,0x00000000c9b7db90,0x00000000cc500000)
 Metaspace       used 92684K, capacity 101070K, committed 101268K, reserved 1136640K
  class space    used 11596K, capacity 13461K, committed 13500K, reserved 1048576K
Event: 5510.660 GC heap after
Heap after GC invocations=68 (full 6):
 PSYoungGen      total 297472K, used 12596K [0x00000000eab00000, 0x00000000ff880000, 0x0000000100000000)
  eden space 259584K, 0% used [0x00000000eab00000,0x00000000eab00000,0x00000000fa880000)
  from space 37888K, 33% used [0x00000000fd380000,0x00000000fdfcd260,0x00000000ff880000)
  to   space 40960K, 0% used [0x00000000fa880000,0x00000000fa880000,0x00000000fd080000)
 ParOldGen       total 201728K, used 161855K [0x00000000c0000000, 0x00000000cc500000, 0x00000000eab00000)
  object space 201728K, 80% used [0x00000000c0000000,0x00000000c9e0fc50,0x00000000cc500000)
 Metaspace       used 92684K, capacity 101070K, committed 101268K, reserved 1136640K
  class space    used 11596K, capacity 13461K, committed 13500K, reserved 1048576K
}
Event: 5512.085 GC heap before
{Heap before GC invocations=69 (full 6):
 PSYoungGen      total 297472K, used 272180K [0x00000000eab00000, 0x00000000ff880000, 0x0000000100000000)
  eden space 259584K, 100% used [0x00000000eab00000,0x00000000fa880000,0x00000000fa880000)
  from space 37888K, 33% used [0x00000000fd380000,0x00000000fdfcd260,0x00000000ff880000)
  to   space 40960K, 0% used [0x00000000fa880000,0x00000000fa880000,0x00000000fd080000)
 ParOldGen       total 201728K, used 161855K [0x00000000c0000000, 0x00000000cc500000, 0x00000000eab00000)
  object space 201728K, 80% used [0x00000000c0000000,0x00000000c9e0fc50,0x00000000cc500000)
 Metaspace       used 92689K, capacity 101070K, committed 101268K, reserved 1136640K
  class space    used 11596K, capacity 13461K, committed 13500K, reserved 1048576K
Event: 5512.272 GC heap after
Heap after GC invocations=69 (full 6):
 PSYoungGen      total 300544K, used 24330K [0x00000000eab00000, 0x0000000100000000, 0x0000000100000000)
  eden space 259584K, 0% used [0x00000000eab00000,0x00000000eab00000,0x00000000fa880000)
  from space 40960K, 59% used [0x00000000fa880000,0x00000000fc042bb0,0x00000000fd080000)
  to   space 42496K, 0% used [0x00000000fd680000,0x00000000fd680000,0x0000000100000000)
 ParOldGen       total 201728K, used 164511K [0x00000000c0000000, 0x00000000cc500000, 0x00000000eab00000)
  object space 201728K, 81% used [0x00000000c0000000,0x00000000ca0a7c90,0x00000000cc500000)
 Metaspace       used 92689K, capacity 101070K, committed 101268K, reserved 1136640K
  class space    used 11596K, capacity 13461K, committed 13500K, reserved 1048576K
}
Event: 5513.221 GC heap before
{Heap before GC invocations=70 (full 6):
 PSYoungGen      total 300544K, used 283914K [0x00000000eab00000, 0x0000000100000000, 0x0000000100000000)
  eden space 259584K, 100% used [0x00000000eab00000,0x00000000fa880000,0x00000000fa880000)
  from space 40960K, 59% used [0x00000000fa880000,0x00000000fc042bb0,0x00000000fd080000)
  to   space 42496K, 0% used [0x00000000fd680000,0x00000000fd680000,0x0000000100000000)
 ParOldGen       total 201728K, used 164511K [0x00000000c0000000, 0x00000000cc500000, 0x00000000eab00000)
  object space 201728K, 81% used [0x00000000c0000000,0x00000000ca0a7c90,0x00000000cc500000)
 Metaspace       used 92693K, capacity 101070K, committed 101268K, reserved 1136640K
  class space    used 11596K, capacity 13461K, committed 13500K, reserved 1048576K
Event: 5513.536 GC heap after
Heap after GC invocations=70 (full 6):
 PSYoungGen      total 273920K, used 42486K [0x00000000eab00000, 0x0000000100000000, 0x0000000100000000)
  eden space 231424K, 0% used [0x00000000eab00000,0x00000000eab00000,0x00000000f8d00000)
  from space 42496K, 99% used [0x00000000fd680000,0x00000000ffffd818,0x0000000100000000)
  to   space 58880K, 0% used [0x00000000f8d00000,0x00000000f8d00000,0x00000000fc680000)
 ParOldGen       total 201728K, used 187107K [0x00000000c0000000, 0x00000000cc500000, 0x00000000eab00000)
  object space 201728K, 92% used [0x00000000c0000000,0x00000000cb6b8f50,0x00000000cc500000)
 Metaspace       used 92693K, capacity 101070K, committed 101268K, reserved 1136640K
  class space    used 11596K, capacity 13461K, committed 13500K, reserved 1048576K
}
Event: 5513.552 GC heap before
{Heap before GC invocations=71 (full 7):
 PSYoungGen      total 273920K, used 42486K [0x00000000eab00000, 0x0000000100000000, 0x0000000100000000)
  eden space 231424K, 0% used [0x00000000eab00000,0x00000000eab00000,0x00000000f8d00000)
  from space 42496K, 99% used [0x00000000fd680000,0x00000000ffffd818,0x0000000100000000)
  to   space 58880K, 0% used [0x00000000f8d00000,0x00000000f8d00000,0x00000000fc680000)
 ParOldGen       total 201728K, used 187107K [0x00000000c0000000, 0x00000000cc500000, 0x00000000eab00000)
  object space 201728K, 92% used [0x00000000c0000000,0x00000000cb6b8f50,0x00000000cc500000)
 Metaspace       used 92693K, capacity 101070K, committed 101268K, reserved 1136640K
  class space    used 11596K, capacity 13461K, committed 13500K, reserved 1048576K
Event: 5541.925 GC heap after
Heap after GC invocations=71 (full 7):
 PSYoungGen      total 273920K, used 0K [0x00000000eab00000, 0x0000000100000000, 0x0000000100000000)
  eden space 231424K, 0% used [0x00000000eab00000,0x00000000eab00000,0x00000000f8d00000)
  from space 42496K, 0% used [0x00000000fd680000,0x00000000fd680000,0x0000000100000000)
  to   space 58880K, 0% used [0x00000000f8d00000,0x00000000f8d00000,0x00000000fc680000)
 ParOldGen       total 251904K, used 158125K [0x00000000c0000000, 0x00000000cf600000, 0x00000000eab00000)
  object space 251904K, 62% used [0x00000000c0000000,0x00000000c9a6b758,0x00000000cf600000)
 Metaspace       used 92362K, capacity 100426K, committed 101268K, reserved 1136640K
  class space    used 11532K, capacity 13307K, committed 13500K, reserved 1048576K
}

