# JRE version: OpenJDK Runtime Environment (8.0_152-b01) (build 1.8.0_152-release-915-b01)
# Java VM: OpenJDK 64-Bit Server VM (25.152-b01 mixed mode windows-amd64 compressed oops)
Heap:
 PSYoungGen      total 286208K, used 276592K [0x00000000eab00000, 0x0000000100000000, 0x0000000100000000)
  eden space 245760K, 100% used [0x00000000eab00000,0x00000000f9b00000,0x00000000f9b00000)
  from space 40448K, 76% used [0x00000000fd880000,0x00000000ff69c2d8,0x0000000100000000)
  to   space 51712K, 14% used [0x00000000f9b00000,0x00000000fa262928,0x00000000fcd80000)
 ParOldGen       total 253952K, used 209663K [0x00000000c0000000, 0x00000000cf800000, 0x00000000eab00000)
  object space 253952K, 82% used [0x00000000c0000000,0x00000000cccbfe70,0x00000000cf800000)
 Metaspace       used 128157K, capacity 140664K, committed 140800K, reserved 1171456K
  class space    used 15979K, capacity 18892K, committed 18944K, reserved 1048576K
GC Heap History (10 events):
Event: 20450.844 GC heap after
Heap after GC invocations=219 (full 11):
 PSYoungGen      total 308736K, used 17184K [0x00000000eab00000, 0x00000000ffc00000, 0x0000000100000000)
  eden space 273408K, 0% used [0x00000000eab00000,0x00000000eab00000,0x00000000fb600000)
  from space 35328K, 48% used [0x00000000fd980000,0x00000000fea48000,0x00000000ffc00000)
  to   space 35840K, 0% used [0x00000000fb600000,0x00000000fb600000,0x00000000fd900000)
 ParOldGen       total 253952K, used 135205K [0x00000000c0000000, 0x00000000cf800000, 0x00000000eab00000)
  object space 253952K, 53% used [0x00000000c0000000,0x00000000c84095b0,0x00000000cf800000)
 Metaspace       used 120148K, capacity 131460K, committed 131712K, reserved 1163264K
  class space    used 15049K, capacity 17726K, committed 17792K, reserved 1048576K
}
Event: 20669.277 GC heap before
{Heap before GC invocations=220 (full 11):
 PSYoungGen      total 308736K, used 290592K [0x00000000eab00000, 0x00000000ffc00000, 0x0000000100000000)
  eden space 273408K, 100% used [0x00000000eab00000,0x00000000fb600000,0x00000000fb600000)
  from space 35328K, 48% used [0x00000000fd980000,0x00000000fea48000,0x00000000ffc00000)
  to   space 35840K, 0% used [0x00000000fb600000,0x00000000fb600000,0x00000000fd900000)
 ParOldGen       total 253952K, used 135205K [0x00000000c0000000, 0x00000000cf800000, 0x00000000eab00000)
  object space 253952K, 53% used [0x00000000c0000000,0x00000000c84095b0,0x00000000cf800000)
 Metaspace       used 120707K, capacity 132572K, committed 132736K, reserved 1163264K
  class space    used 15137K, capacity 17928K, committed 18048K, reserved 1048576K
Event: 20670.411 GC heap after
Heap after GC invocations=220 (full 11):
 PSYoungGen      total 309248K, used 8170K [0x00000000eab00000, 0x00000000ffe80000, 0x0000000100000000)
  eden space 273408K, 0% used [0x00000000eab00000,0x00000000eab00000,0x00000000fb600000)
  from space 35840K, 22% used [0x00000000fb600000,0x00000000fbdfaaf0,0x00000000fd900000)
  to   space 34816K, 0% used [0x00000000fdc80000,0x00000000fdc80000,0x00000000ffe80000)
 ParOldGen       total 253952K, used 146849K [0x00000000c0000000, 0x00000000cf800000, 0x00000000eab00000)
  object space 253952K, 57% used [0x00000000c0000000,0x00000000c8f68650,0x00000000cf800000)
 Metaspace       used 120707K, capacity 132572K, committed 132736K, reserved 1163264K
  class space    used 15137K, capacity 17928K, committed 18048K, reserved 1048576K
}
Event: 20688.181 GC heap before
{Heap before GC invocations=221 (full 11):
 PSYoungGen      total 309248K, used 281578K [0x00000000eab00000, 0x00000000ffe80000, 0x0000000100000000)
  eden space 273408K, 100% used [0x00000000eab00000,0x00000000fb600000,0x00000000fb600000)
  from space 35840K, 22% used [0x00000000fb600000,0x00000000fbdfaaf0,0x00000000fd900000)
  to   space 34816K, 0% used [0x00000000fdc80000,0x00000000fdc80000,0x00000000ffe80000)
 ParOldGen       total 253952K, used 146849K [0x00000000c0000000, 0x00000000cf800000, 0x00000000eab00000)
  object space 253952K, 57% used [0x00000000c0000000,0x00000000c8f68650,0x00000000cf800000)
 Metaspace       used 123022K, capacity 135348K, committed 135680K, reserved 1167360K
  class space    used 15473K, capacity 18344K, committed 18432K, reserved 1048576K
Event: 20689.127 GC heap after
Heap after GC invocations=221 (full 11):
 PSYoungGen      total 303104K, used 33888K [0x00000000eab00000, 0x0000000100000000, 0x0000000100000000)
  eden space 268288K, 0% used [0x00000000eab00000,0x00000000eab00000,0x00000000fb100000)
  from space 34816K, 97% used [0x00000000fdc80000,0x00000000ffd98048,0x00000000ffe80000)
  to   space 40448K, 0% used [0x00000000fb100000,0x00000000fb100000,0x00000000fd880000)
 ParOldGen       total 253952K, used 146849K [0x00000000c0000000, 0x00000000cf800000, 0x00000000eab00000)
  object space 253952K, 57% used [0x00000000c0000000,0x00000000c8f68650,0x00000000cf800000)
 Metaspace       used 123022K, capacity 135348K, committed 135680K, reserved 1167360K
  class space    used 15473K, capacity 18344K, committed 18432K, reserved 1048576K
}
Event: 20742.422 GC heap before
{Heap before GC invocations=222 (full 11):
 PSYoungGen      total 303104K, used 302176K [0x00000000eab00000, 0x0000000100000000, 0x0000000100000000)
  eden space 268288K, 100% used [0x00000000eab00000,0x00000000fb100000,0x00000000fb100000)
  from space 34816K, 97% used [0x00000000fdc80000,0x00000000ffd98048,0x00000000ffe80000)
  to   space 40448K, 0% used [0x00000000fb100000,0x00000000fb100000,0x00000000fd880000)
 ParOldGen       total 253952K, used 146849K [0x00000000c0000000, 0x00000000cf800000, 0x00000000eab00000)
  object space 253952K, 57% used [0x00000000c0000000,0x00000000c8f68650,0x00000000cf800000)
 Metaspace       used 124269K, capacity 136608K, committed 136832K, reserved 1167360K
  class space    used 15617K, capacity 18494K, committed 18560K, reserved 1048576K
Event: 20746.845 GC heap after
Heap after GC invocations=222 (full 11):
 PSYoungGen      total 308736K, used 40416K [0x00000000eab00000, 0x0000000100000000, 0x0000000100000000)
  eden space 268288K, 0% used [0x00000000eab00000,0x00000000eab00000,0x00000000fb100000)
  from space 40448K, 99% used [0x00000000fb100000,0x00000000fd878098,0x00000000fd880000)
  to   space 40448K, 0% used [0x00000000fd880000,0x00000000fd880000,0x0000000100000000)
 ParOldGen       total 253952K, used 154715K [0x00000000c0000000, 0x00000000cf800000, 0x00000000eab00000)
  object space 253952K, 60% used [0x00000000c0000000,0x00000000c9716d98,0x00000000cf800000)
 Metaspace       used 124269K, capacity 136608K, committed 136832K, reserved 1167360K
  class space    used 15617K, capacity 18494K, committed 18560K, reserved 1048576K
}
Event: 20760.130 GC heap before
{Heap before GC invocations=223 (full 11):
 PSYoungGen      total 308736K, used 308704K [0x00000000eab00000, 0x0000000100000000, 0x0000000100000000)
  eden space 268288K, 100% used [0x00000000eab00000,0x00000000fb100000,0x00000000fb100000)
  from space 40448K, 99% used [0x00000000fb100000,0x00000000fd878098,0x00000000fd880000)
  to   space 40448K, 0% used [0x00000000fd880000,0x00000000fd880000,0x0000000100000000)
 ParOldGen       total 253952K, used 154715K [0x00000000c0000000, 0x00000000cf800000, 0x00000000eab00000)
  object space 253952K, 60% used [0x00000000c0000000,0x00000000c9716d98,0x00000000cf800000)
 Metaspace       used 127727K, capacity 140220K, committed 140544K, reserved 1171456K
  class space    used 15966K, capacity 18854K, committed 18944K, reserved 1048576K
Event: 20761.489 GC heap after
Heap after GC invocations=223 (full 11):
 PSYoungGen      total 286208K, used 30832K [0x00000000eab00000, 0x0000000100000000, 0x0000000100000000)
  eden space 245760K, 0% used [0x00000000eab00000,0x00000000eab00000,0x00000000f9b00000)
  from space 40448K, 76% used [0x00000000fd880000,0x00000000ff69c2d8,0x0000000100000000)
  to   space 51712K, 0% used [0x00000000f9b00000,0x00000000f9b00000,0x00000000fcd80000)
 ParOldGen       total 253952K, used 172184K [0x00000000c0000000, 0x00000000cf800000, 0x00000000eab00000)
  object space 253952K, 67% used [0x00000000c0000000,0x00000000ca8263e0,0x00000000cf800000)
 Metaspace       used 127727K, capacity 140220K, committed 140544K, reserved 1171456K
  class space    used 15966K, capacity 18854K, committed 18944K, reserved 1048576K
}
Event: 20763.199 GC heap before
{Heap before GC invocations=224 (full 11):
 PSYoungGen      total 286208K, used 276592K [0x00000000eab00000, 0x0000000100000000, 0x0000000100000000)
  eden space 245760K, 100% used [0x00000000eab00000,0x00000000f9b00000,0x00000000f9b00000)
  from space 40448K, 76% used [0x00000000fd880000,0x00000000ff69c2d8,0x0000000100000000)
  to   space 51712K, 0% used [0x00000000f9b00000,0x00000000f9b00000,0x00000000fcd80000)
 ParOldGen       total 253952K, used 172184K [0x00000000c0000000, 0x00000000cf800000, 0x00000000eab00000)
  object space 253952K, 67% used [0x00000000c0000000,0x00000000ca8263e0,0x00000000cf800000)
 Metaspace       used 128157K, capacity 140664K, committed 140800K, reserved 1171456K
  class space    used 15979K, capacity 18892K, committed 18944K, reserved 1048576K

