# JRE version: OpenJDK Runtime Environment (8.0_242-b01) (build 1.8.0_242-release-1644-b01)
# Java VM: OpenJDK 64-Bit Server VM (25.242-b01 mixed mode windows-amd64 compressed oops)
Heap:
 PSYoungGen      total 988672K, used 978264K [0x000000076ab00000, 0x00000007b2c80000, 0x00000007c0000000)
  eden space 946176K, 100% used [0x000000076ab00000,0x00000007a4700000,0x00000007a4700000)
  from space 42496K, 75% used [0x00000007a9580000,0x00000007ab4d6080,0x00000007abf00000)
  to   space 80384K, 98% used [0x00000007a4700000,0x00000007a948fff8,0x00000007a9580000)
 ParOldGen       total 297984K, used 165320K [0x00000006c0000000, 0x00000006d2300000, 0x000000076ab00000)
  object space 297984K, 55% used [0x00000006c0000000,0x00000006ca172008,0x00000006d2300000)
 Metaspace       used 109920K, capacity 115846K, committed 115968K, reserved 1148928K
  class space    used 14399K, capacity 15607K, committed 15616K, reserved 1048576K
GC Heap History (10 events):
Event: 88.541 GC heap after
Heap after GC invocations=21 (full 4):
 PSYoungGen      total 752128K, used 26289K [0x000000076ab00000, 0x00000007a3000000, 0x00000007c0000000)
  eden space 707584K, 0% used [0x000000076ab00000,0x000000076ab00000,0x0000000795e00000)
  from space 44544K, 59% used [0x0000000795e00000,0x00000007977ac790,0x0000000798980000)
  to   space 44544K, 0% used [0x00000007a0480000,0x00000007a0480000,0x00000007a3000000)
 ParOldGen       total 165376K, used 74943K [0x00000006c0000000, 0x00000006ca180000, 0x000000076ab00000)
  object space 165376K, 45% used [0x00000006c0000000,0x00000006c492fff0,0x00000006ca180000)
 Metaspace       used 104783K, capacity 110210K, committed 110464K, reserved 1144832K
  class space    used 13808K, capacity 14898K, committed 14976K, reserved 1048576K
}
Event: 90.449 GC heap before
{Heap before GC invocations=22 (full 4):
 PSYoungGen      total 752128K, used 733873K [0x000000076ab00000, 0x00000007a3000000, 0x00000007c0000000)
  eden space 707584K, 100% used [0x000000076ab00000,0x0000000795e00000,0x0000000795e00000)
  from space 44544K, 59% used [0x0000000795e00000,0x00000007977ac790,0x0000000798980000)
  to   space 44544K, 0% used [0x00000007a0480000,0x00000007a0480000,0x00000007a3000000)
 ParOldGen       total 165376K, used 74943K [0x00000006c0000000, 0x00000006ca180000, 0x000000076ab00000)
  object space 165376K, 45% used [0x00000006c0000000,0x00000006c492fff0,0x00000006ca180000)
 Metaspace       used 104859K, capacity 110338K, committed 110464K, reserved 1144832K
  class space    used 13815K, capacity 14898K, committed 14976K, reserved 1048576K
Event: 90.494 GC heap after
Heap after GC invocations=22 (full 4):
 PSYoungGen      total 879104K, used 23568K [0x000000076ab00000, 0x00000007a3380000, 0x00000007c0000000)
  eden space 834560K, 0% used [0x000000076ab00000,0x000000076ab00000,0x000000079da00000)
  from space 44544K, 52% used [0x00000007a0480000,0x00000007a1b841d8,0x00000007a3000000)
  to   space 43520K, 0% used [0x000000079da00000,0x000000079da00000,0x00000007a0480000)
 ParOldGen       total 165376K, used 74943K [0x00000006c0000000, 0x00000006ca180000, 0x000000076ab00000)
  object space 165376K, 45% used [0x00000006c0000000,0x00000006c492fff0,0x00000006ca180000)
 Metaspace       used 104859K, capacity 110338K, committed 110464K, reserved 1144832K
  class space    used 13815K, capacity 14898K, committed 14976K, reserved 1048576K
}
Event: 93.132 GC heap before
{Heap before GC invocations=23 (full 4):
 PSYoungGen      total 879104K, used 858128K [0x000000076ab00000, 0x00000007a3380000, 0x00000007c0000000)
  eden space 834560K, 100% used [0x000000076ab00000,0x000000079da00000,0x000000079da00000)
  from space 44544K, 52% used [0x00000007a0480000,0x00000007a1b841d8,0x00000007a3000000)
  to   space 43520K, 0% used [0x000000079da00000,0x000000079da00000,0x00000007a0480000)
 ParOldGen       total 165376K, used 74943K [0x00000006c0000000, 0x00000006ca180000, 0x000000076ab00000)
  object space 165376K, 45% used [0x00000006c0000000,0x00000006c492fff0,0x00000006ca180000)
 Metaspace       used 104998K, capacity 110488K, committed 110720K, reserved 1144832K
  class space    used 13836K, capacity 14903K, committed 14976K, reserved 1048576K
Event: 93.169 GC heap after
Heap after GC invocations=23 (full 4):
 PSYoungGen      total 878080K, used 24431K [0x000000076ab00000, 0x00000007abf00000, 0x00000007c0000000)
  eden space 834560K, 0% used [0x000000076ab00000,0x000000076ab00000,0x000000079da00000)
  from space 43520K, 56% used [0x000000079da00000,0x000000079f1dbf78,0x00000007a0480000)
  to   space 42496K, 0% used [0x00000007a9580000,0x00000007a9580000,0x00000007abf00000)
 ParOldGen       total 165376K, used 74951K [0x00000006c0000000, 0x00000006ca180000, 0x000000076ab00000)
  object space 165376K, 45% used [0x00000006c0000000,0x00000006c4931ff0,0x00000006ca180000)
 Metaspace       used 104998K, capacity 110488K, committed 110720K, reserved 1144832K
  class space    used 13836K, capacity 14903K, committed 14976K, reserved 1048576K
}
Event: 96.580 GC heap before
{Heap before GC invocations=24 (full 4):
 PSYoungGen      total 878080K, used 858991K [0x000000076ab00000, 0x00000007abf00000, 0x00000007c0000000)
  eden space 834560K, 100% used [0x000000076ab00000,0x000000079da00000,0x000000079da00000)
  from space 43520K, 56% used [0x000000079da00000,0x000000079f1dbf78,0x00000007a0480000)
  to   space 42496K, 0% used [0x00000007a9580000,0x00000007a9580000,0x00000007abf00000)
 ParOldGen       total 165376K, used 74951K [0x00000006c0000000, 0x00000006ca180000, 0x000000076ab00000)
  object space 165376K, 45% used [0x00000006c0000000,0x00000006c4931ff0,0x00000006ca180000)
 Metaspace       used 106043K, capacity 111666K, committed 111872K, reserved 1146880K
  class space    used 13938K, capacity 15044K, committed 15104K, reserved 1048576K
Event: 96.778 GC heap after
Heap after GC invocations=24 (full 4):
 PSYoungGen      total 988672K, used 42481K [0x000000076ab00000, 0x00000007b2c80000, 0x00000007c0000000)
  eden space 946176K, 0% used [0x000000076ab00000,0x000000076ab00000,0x00000007a4700000)
  from space 42496K, 99% used [0x00000007a9580000,0x00000007abefc640,0x00000007abf00000)
  to   space 80384K, 0% used [0x00000007a4700000,0x00000007a4700000,0x00000007a9580000)
 ParOldGen       total 165376K, used 161655K [0x00000006c0000000, 0x00000006ca180000, 0x000000076ab00000)
  object space 165376K, 97% used [0x00000006c0000000,0x00000006c9dddf98,0x00000006ca180000)
 Metaspace       used 106043K, capacity 111666K, committed 111872K, reserved 1146880K
  class space    used 13938K, capacity 15044K, committed 15104K, reserved 1048576K
}
Event: 96.778 GC heap before
{Heap before GC invocations=25 (full 5):
 PSYoungGen      total 988672K, used 42481K [0x000000076ab00000, 0x00000007b2c80000, 0x00000007c0000000)
  eden space 946176K, 0% used [0x000000076ab00000,0x000000076ab00000,0x00000007a4700000)
  from space 42496K, 99% used [0x00000007a9580000,0x00000007abefc640,0x00000007abf00000)
  to   space 80384K, 0% used [0x00000007a4700000,0x00000007a4700000,0x00000007a9580000)
 ParOldGen       total 165376K, used 161655K [0x00000006c0000000, 0x00000006ca180000, 0x000000076ab00000)
  object space 165376K, 97% used [0x00000006c0000000,0x00000006c9dddf98,0x00000006ca180000)
 Metaspace       used 106043K, capacity 111666K, committed 111872K, reserved 1146880K
  class space    used 13938K, capacity 15044K, committed 15104K, reserved 1048576K
Event: 97.647 GC heap after
Heap after GC invocations=25 (full 5):
 PSYoungGen      total 988672K, used 32088K [0x000000076ab00000, 0x00000007b2c80000, 0x00000007c0000000)
  eden space 946176K, 0% used [0x000000076ab00000,0x000000076ab00000,0x00000007a4700000)
  from space 42496K, 75% used [0x00000007a9580000,0x00000007ab4d6080,0x00000007abf00000)
  to   space 80384K, 0% used [0x00000007a4700000,0x00000007a4700000,0x00000007a9580000)
 ParOldGen       total 297984K, used 165312K [0x00000006c0000000, 0x00000006d2300000, 0x000000076ab00000)
  object space 297984K, 55% used [0x00000006c0000000,0x00000006ca170008,0x00000006d2300000)
 Metaspace       used 105981K, capacity 111506K, committed 111872K, reserved 1146880K
  class space    used 13917K, capacity 15008K, committed 15104K, reserved 1048576K
}
Event: 207.608 GC heap before
{Heap before GC invocations=26 (full 5):
 PSYoungGen      total 988672K, used 978264K [0x000000076ab00000, 0x00000007b2c80000, 0x00000007c0000000)
  eden space 946176K, 100% used [0x000000076ab00000,0x00000007a4700000,0x00000007a4700000)
  from space 42496K, 75% used [0x00000007a9580000,0x00000007ab4d6080,0x00000007abf00000)
  to   space 80384K, 0% used [0x00000007a4700000,0x00000007a4700000,0x00000007a9580000)
 ParOldGen       total 297984K, used 165312K [0x00000006c0000000, 0x00000006d2300000, 0x000000076ab00000)
  object space 297984K, 55% used [0x00000006c0000000,0x00000006ca170008,0x00000006d2300000)
 Metaspace       used 109920K, capacity 115846K, committed 115968K, reserved 1148928K
  class space    used 14399K, capacity 15607K, committed 15616K, reserved 1048576K

