# JRE version: OpenJDK Runtime Environment (8.0_242-b01) (build 1.8.0_242-release-1644-b01)
# Java VM: OpenJDK 64-Bit Server VM (25.242-b01 mixed mode windows-amd64 compressed oops)
Heap:
 PSYoungGen      total 1121792K, used 1024504K [0x000000076ab00000, 0x00000007be280000, 0x00000007c0000000)
  eden space 918016K, 100% used [0x000000076ab00000,0x00000007a2b80000,0x00000007a2b80000)
  from space 203776K, 52% used [0x00000007b1b80000,0x00000007b837e388,0x00000007be280000)
  to   space 224768K, 47% used [0x00000007a2b80000,0x00000007a93d4628,0x00000007b0700000)
 ParOldGen       total 779776K, used 564390K [0x00000006c0000000, 0x00000006ef980000, 0x000000076ab00000)
  object space 779776K, 72% used [0x00000006c0000000,0x00000006e2729848,0x00000006ef980000)
 Metaspace       used 170380K, capacity 179947K, committed 180824K, reserved 1206272K
  class space    used 21232K, capacity 22978K, committed 23168K, reserved 1048576K
GC Heap History (10 events):
Event: 799.669 GC heap after
Heap after GC invocations=82 (full 8):
 PSYoungGen      total 1003520K, used 0K [0x000000076ab00000, 0x00000007c0000000, 0x00000007c0000000)
  eden space 847872K, 0% used [0x000000076ab00000,0x000000076ab00000,0x000000079e700000)
  from space 155648K, 0% used [0x00000007b6800000,0x00000007b6800000,0x00000007c0000000)
  to   space 274944K, 0% used [0x000000079e700000,0x000000079e700000,0x00000007af380000)
 ParOldGen       total 779776K, used 400550K [0x00000006c0000000, 0x00000006ef980000, 0x000000076ab00000)
  object space 779776K, 51% used [0x00000006c0000000,0x00000006d8729840,0x00000006ef980000)
 Metaspace       used 170348K, capacity 179863K, committed 180824K, reserved 1206272K
  class space    used 21229K, capacity 22978K, committed 23168K, reserved 1048576K
}
Event: 803.026 GC heap before
{Heap before GC invocations=83 (full 8):
 PSYoungGen      total 1003520K, used 847872K [0x000000076ab00000, 0x00000007c0000000, 0x00000007c0000000)
  eden space 847872K, 100% used [0x000000076ab00000,0x000000079e700000,0x000000079e700000)
  from space 155648K, 0% used [0x00000007b6800000,0x00000007b6800000,0x00000007c0000000)
  to   space 274944K, 0% used [0x000000079e700000,0x000000079e700000,0x00000007af380000)
 ParOldGen       total 779776K, used 400550K [0x00000006c0000000, 0x00000006ef980000, 0x000000076ab00000)
  object space 779776K, 51% used [0x00000006c0000000,0x00000006d8729840,0x00000006ef980000)
 Metaspace       used 170362K, capacity 179871K, committed 180824K, reserved 1206272K
  class space    used 21230K, capacity 22978K, committed 23168K, reserved 1048576K
Event: 803.116 GC heap after
Heap after GC invocations=83 (full 8):
 PSYoungGen      total 1122816K, used 104133K [0x000000076ab00000, 0x00000007c0000000, 0x00000007c0000000)
  eden space 847872K, 0% used [0x000000076ab00000,0x000000076ab00000,0x000000079e700000)
  from space 274944K, 37% used [0x000000079e700000,0x00000007a4cb1578,0x00000007af380000)
  to   space 261632K, 0% used [0x00000007b0080000,0x00000007b0080000,0x00000007c0000000)
 ParOldGen       total 779776K, used 400550K [0x00000006c0000000, 0x00000006ef980000, 0x000000076ab00000)
  object space 779776K, 51% used [0x00000006c0000000,0x00000006d8729840,0x00000006ef980000)
 Metaspace       used 170362K, capacity 179871K, committed 180824K, reserved 1206272K
  class space    used 21230K, capacity 22978K, committed 23168K, reserved 1048576K
}
Event: 805.705 GC heap before
{Heap before GC invocations=84 (full 8):
 PSYoungGen      total 1122816K, used 952005K [0x000000076ab00000, 0x00000007c0000000, 0x00000007c0000000)
  eden space 847872K, 100% used [0x000000076ab00000,0x000000079e700000,0x000000079e700000)
  from space 274944K, 37% used [0x000000079e700000,0x00000007a4cb1578,0x00000007af380000)
  to   space 261632K, 0% used [0x00000007b0080000,0x00000007b0080000,0x00000007c0000000)
 ParOldGen       total 779776K, used 400550K [0x00000006c0000000, 0x00000006ef980000, 0x000000076ab00000)
  object space 779776K, 51% used [0x00000006c0000000,0x00000006d8729840,0x00000006ef980000)
 Metaspace       used 170369K, capacity 179939K, committed 180824K, reserved 1206272K
  class space    used 21231K, capacity 22978K, committed 23168K, reserved 1048576K
Event: 805.807 GC heap after
Heap after GC invocations=84 (full 8):
 PSYoungGen      total 1077760K, used 96652K [0x000000076ab00000, 0x00000007bd400000, 0x00000007c0000000)
  eden space 861184K, 0% used [0x000000076ab00000,0x000000076ab00000,0x000000079f400000)
  from space 216576K, 44% used [0x00000007b0080000,0x00000007b5ee33f8,0x00000007bd400000)
  to   space 245760K, 0% used [0x000000079f400000,0x000000079f400000,0x00000007ae400000)
 ParOldGen       total 779776K, used 400550K [0x00000006c0000000, 0x00000006ef980000, 0x000000076ab00000)
  object space 779776K, 51% used [0x00000006c0000000,0x00000006d8729840,0x00000006ef980000)
 Metaspace       used 170369K, capacity 179939K, committed 180824K, reserved 1206272K
  class space    used 21231K, capacity 22978K, committed 23168K, reserved 1048576K
}
Event: 807.054 GC heap before
{Heap before GC invocations=85 (full 8):
 PSYoungGen      total 1077760K, used 957836K [0x000000076ab00000, 0x00000007bd400000, 0x00000007c0000000)
  eden space 861184K, 100% used [0x000000076ab00000,0x000000079f400000,0x000000079f400000)
  from space 216576K, 44% used [0x00000007b0080000,0x00000007b5ee33f8,0x00000007bd400000)
  to   space 245760K, 0% used [0x000000079f400000,0x000000079f400000,0x00000007ae400000)
 ParOldGen       total 779776K, used 400550K [0x00000006c0000000, 0x00000006ef980000, 0x000000076ab00000)
  object space 779776K, 51% used [0x00000006c0000000,0x00000006d8729840,0x00000006ef980000)
 Metaspace       used 170375K, capacity 179943K, committed 180824K, reserved 1206272K
  class space    used 21232K, capacity 22978K, committed 23168K, reserved 1048576K
Event: 807.127 GC heap after
Heap after GC invocations=85 (full 8):
 PSYoungGen      total 1106944K, used 101982K [0x000000076ab00000, 0x00000007c0000000, 0x00000007c0000000)
  eden space 861184K, 0% used [0x000000076ab00000,0x000000076ab00000,0x000000079f400000)
  from space 245760K, 41% used [0x000000079f400000,0x00000007a5797a68,0x00000007ae400000)
  to   space 233984K, 0% used [0x00000007b1b80000,0x00000007b1b80000,0x00000007c0000000)
 ParOldGen       total 779776K, used 400550K [0x00000006c0000000, 0x00000006ef980000, 0x000000076ab00000)
  object space 779776K, 51% used [0x00000006c0000000,0x00000006d8729840,0x00000006ef980000)
 Metaspace       used 170375K, capacity 179943K, committed 180824K, reserved 1206272K
  class space    used 21232K, capacity 22978K, committed 23168K, reserved 1048576K
}
Event: 808.352 GC heap before
{Heap before GC invocations=86 (full 8):
 PSYoungGen      total 1106944K, used 963166K [0x000000076ab00000, 0x00000007c0000000, 0x00000007c0000000)
  eden space 861184K, 100% used [0x000000076ab00000,0x000000079f400000,0x000000079f400000)
  from space 245760K, 41% used [0x000000079f400000,0x00000007a5797a68,0x00000007ae400000)
  to   space 233984K, 0% used [0x00000007b1b80000,0x00000007b1b80000,0x00000007c0000000)
 ParOldGen       total 779776K, used 400550K [0x00000006c0000000, 0x00000006ef980000, 0x000000076ab00000)
  object space 779776K, 51% used [0x00000006c0000000,0x00000006d8729840,0x00000006ef980000)
 Metaspace       used 170379K, capacity 179943K, committed 180824K, reserved 1206272K
  class space    used 21232K, capacity 22978K, committed 23168K, reserved 1048576K
Event: 808.427 GC heap after
Heap after GC invocations=86 (full 8):
 PSYoungGen      total 1121792K, used 106488K [0x000000076ab00000, 0x00000007be280000, 0x00000007c0000000)
  eden space 918016K, 0% used [0x000000076ab00000,0x000000076ab00000,0x00000007a2b80000)
  from space 203776K, 52% used [0x00000007b1b80000,0x00000007b837e388,0x00000007be280000)
  to   space 224768K, 0% used [0x00000007a2b80000,0x00000007a2b80000,0x00000007b0700000)
 ParOldGen       total 779776K, used 400550K [0x00000006c0000000, 0x00000006ef980000, 0x000000076ab00000)
  object space 779776K, 51% used [0x00000006c0000000,0x00000006d8729840,0x00000006ef980000)
 Metaspace       used 170379K, capacity 179943K, committed 180824K, reserved 1206272K
  class space    used 21232K, capacity 22978K, committed 23168K, reserved 1048576K
}
Event: 809.036 GC heap before
{Heap before GC invocations=87 (full 8):
 PSYoungGen      total 1121792K, used 1024504K [0x000000076ab00000, 0x00000007be280000, 0x00000007c0000000)
  eden space 918016K, 100% used [0x000000076ab00000,0x00000007a2b80000,0x00000007a2b80000)
  from space 203776K, 52% used [0x00000007b1b80000,0x00000007b837e388,0x00000007be280000)
  to   space 224768K, 0% used [0x00000007a2b80000,0x00000007a2b80000,0x00000007b0700000)
 ParOldGen       total 779776K, used 400550K [0x00000006c0000000, 0x00000006ef980000, 0x000000076ab00000)
  object space 779776K, 51% used [0x00000006c0000000,0x00000006d8729840,0x00000006ef980000)
 Metaspace       used 170380K, capacity 179947K, committed 180824K, reserved 1206272K
  class space    used 21232K, capacity 22978K, committed 23168K, reserved 1048576K

