# JRE version: OpenJDK Runtime Environment (8.0_242-b01) (build 1.8.0_242-release-1644-b01)
# Java VM: OpenJDK 64-Bit Server VM (25.242-b01 mixed mode windows-amd64 compressed oops)
Heap:
 PSYoungGen      total 1164800K, used 258881K [0x000000076ab00000, 0x00000007c0000000, 0x00000007c0000000)
  eden space 1064960K, 14% used [0x000000076ab00000,0x000000077465bd98,0x00000007abb00000)
  from space 99840K, 99% used [0x00000007abb00000,0x00000007b1c74980,0x00000007b1c80000)
  to   space 167424K, 0% used [0x00000007b5c80000,0x00000007b5c80000,0x00000007c0000000)
 ParOldGen       total 615424K, used 495483K [0x00000006c0000000, 0x00000006e5900000, 0x000000076ab00000)
  object space 615424K, 80% used [0x00000006c0000000,0x00000006de3defa0,0x00000006e5900000)
 Metaspace       used 114020K, capacity 121578K, committed 121688K, reserved 1155072K
  class space    used 14713K, capacity 16149K, committed 16256K, reserved 1048576K
GC Heap History (10 events):
Event: 555.936 GC heap before
{Heap before GC invocations=43 (full 6):
 PSYoungGen      total 1285120K, used 1262368K [0x000000076ab00000, 0x00000007bf280000, 0x00000007c0000000)
  eden space 1199104K, 100% used [0x000000076ab00000,0x00000007b3e00000,0x00000007b3e00000)
  from space 86016K, 73% used [0x00000007b9500000,0x00000007bd2c81a8,0x00000007be900000)
  to   space 89088K, 0% used [0x00000007b3e00000,0x00000007b3e00000,0x00000007b9500000)
 ParOldGen       total 615424K, used 360836K [0x00000006c0000000, 0x00000006e5900000, 0x000000076ab00000)
  object space 615424K, 58% used [0x00000006c0000000,0x00000006d60610c8,0x00000006e5900000)
 Metaspace       used 109488K, capacity 116076K, committed 116440K, reserved 1150976K
  class space    used 14204K, capacity 15492K, committed 15616K, reserved 1048576K
Event: 556.005 GC heap after
Heap after GC invocations=43 (full 6):
 PSYoungGen      total 1288192K, used 66816K [0x000000076ab00000, 0x00000007c0000000, 0x00000007c0000000)
  eden space 1199104K, 0% used [0x000000076ab00000,0x000000076ab00000,0x00000007b3e00000)
  from space 89088K, 75% used [0x00000007b3e00000,0x00000007b7f40180,0x00000007b9500000)
  to   space 92672K, 0% used [0x00000007ba580000,0x00000007ba580000,0x00000007c0000000)
 ParOldGen       total 615424K, used 360844K [0x00000006c0000000, 0x00000006e5900000, 0x000000076ab00000)
  object space 615424K, 58% used [0x00000006c0000000,0x00000006d60630c8,0x00000006e5900000)
 Metaspace       used 109488K, capacity 116076K, committed 116440K, reserved 1150976K
  class space    used 14204K, capacity 15492K, committed 15616K, reserved 1048576K
}
Event: 557.821 GC heap before
{Heap before GC invocations=44 (full 6):
 PSYoungGen      total 1288192K, used 1265920K [0x000000076ab00000, 0x00000007c0000000, 0x00000007c0000000)
  eden space 1199104K, 100% used [0x000000076ab00000,0x00000007b3e00000,0x00000007b3e00000)
  from space 89088K, 75% used [0x00000007b3e00000,0x00000007b7f40180,0x00000007b9500000)
  to   space 92672K, 0% used [0x00000007ba580000,0x00000007ba580000,0x00000007c0000000)
 ParOldGen       total 615424K, used 360844K [0x00000006c0000000, 0x00000006e5900000, 0x000000076ab00000)
  object space 615424K, 58% used [0x00000006c0000000,0x00000006d60630c8,0x00000006e5900000)
 Metaspace       used 109498K, capacity 116076K, committed 116440K, reserved 1150976K
  class space    used 14205K, capacity 15492K, committed 15616K, reserved 1048576K
Event: 557.893 GC heap after
Heap after GC invocations=44 (full 6):
 PSYoungGen      total 1296896K, used 71104K [0x000000076ab00000, 0x00000007c0000000, 0x00000007c0000000)
  eden space 1204224K, 0% used [0x000000076ab00000,0x000000076ab00000,0x00000007b4300000)
  from space 92672K, 76% used [0x00000007ba580000,0x00000007beaf0180,0x00000007c0000000)
  to   space 96768K, 0% used [0x00000007b4300000,0x00000007b4300000,0x00000007ba180000)
 ParOldGen       total 615424K, used 360852K [0x00000006c0000000, 0x00000006e5900000, 0x000000076ab00000)
  object space 615424K, 58% used [0x00000006c0000000,0x00000006d60650c8,0x00000006e5900000)
 Metaspace       used 109498K, capacity 116076K, committed 116440K, reserved 1150976K
  class space    used 14205K, capacity 15492K, committed 15616K, reserved 1048576K
}
Event: 560.525 GC heap before
{Heap before GC invocations=45 (full 6):
 PSYoungGen      total 1296896K, used 1275328K [0x000000076ab00000, 0x00000007c0000000, 0x00000007c0000000)
  eden space 1204224K, 100% used [0x000000076ab00000,0x00000007b4300000,0x00000007b4300000)
  from space 92672K, 76% used [0x00000007ba580000,0x00000007beaf0180,0x00000007c0000000)
  to   space 96768K, 0% used [0x00000007b4300000,0x00000007b4300000,0x00000007ba180000)
 ParOldGen       total 615424K, used 360852K [0x00000006c0000000, 0x00000006e5900000, 0x000000076ab00000)
  object space 615424K, 58% used [0x00000006c0000000,0x00000006d60650c8,0x00000006e5900000)
 Metaspace       used 109703K, capacity 116370K, committed 116440K, reserved 1150976K
  class space    used 14228K, capacity 15551K, committed 15616K, reserved 1048576K
Event: 560.599 GC heap after
Heap after GC invocations=45 (full 6):
 PSYoungGen      total 1300992K, used 96752K [0x000000076ab00000, 0x00000007c0000000, 0x00000007c0000000)
  eden space 1204224K, 0% used [0x000000076ab00000,0x000000076ab00000,0x00000007b4300000)
  from space 96768K, 99% used [0x00000007b4300000,0x00000007ba17c150,0x00000007ba180000)
  to   space 96768K, 0% used [0x00000007ba180000,0x00000007ba180000,0x00000007c0000000)
 ParOldGen       total 615424K, used 366587K [0x00000006c0000000, 0x00000006e5900000, 0x000000076ab00000)
  object space 615424K, 59% used [0x00000006c0000000,0x00000006d65fec38,0x00000006e5900000)
 Metaspace       used 109703K, capacity 116370K, committed 116440K, reserved 1150976K
  class space    used 14228K, capacity 15551K, committed 15616K, reserved 1048576K
}
Event: 566.188 GC heap before
{Heap before GC invocations=46 (full 6):
 PSYoungGen      total 1300992K, used 1300976K [0x000000076ab00000, 0x00000007c0000000, 0x00000007c0000000)
  eden space 1204224K, 100% used [0x000000076ab00000,0x00000007b4300000,0x00000007b4300000)
  from space 96768K, 99% used [0x00000007b4300000,0x00000007ba17c150,0x00000007ba180000)
  to   space 96768K, 0% used [0x00000007ba180000,0x00000007ba180000,0x00000007c0000000)
 ParOldGen       total 615424K, used 366587K [0x00000006c0000000, 0x00000006e5900000, 0x000000076ab00000)
  object space 615424K, 59% used [0x00000006c0000000,0x00000006d65fec38,0x00000006e5900000)
 Metaspace       used 111604K, capacity 118956K, committed 119000K, reserved 1153024K
  class space    used 14457K, capacity 15840K, committed 15872K, reserved 1048576K
Event: 567.213 GC heap after
Heap after GC invocations=46 (full 6):
 PSYoungGen      total 1161728K, used 96765K [0x000000076ab00000, 0x00000007c0000000, 0x00000007c0000000)
  eden space 1064960K, 0% used [0x000000076ab00000,0x000000076ab00000,0x00000007abb00000)
  from space 96768K, 99% used [0x00000007ba180000,0x00000007bffff760,0x00000007c0000000)
  to   space 166400K, 0% used [0x00000007abb00000,0x00000007abb00000,0x00000007b5d80000)
 ParOldGen       total 615424K, used 488433K [0x00000006c0000000, 0x00000006e5900000, 0x000000076ab00000)
  object space 615424K, 79% used [0x00000006c0000000,0x00000006ddcfc7d0,0x00000006e5900000)
 Metaspace       used 111604K, capacity 118956K, committed 119000K, reserved 1153024K
  class space    used 14457K, capacity 15840K, committed 15872K, reserved 1048576K
}
Event: 573.581 GC heap before
{Heap before GC invocations=47 (full 6):
 PSYoungGen      total 1161728K, used 1161468K [0x000000076ab00000, 0x00000007c0000000, 0x00000007c0000000)
  eden space 1064960K, 99% used [0x000000076ab00000,0x00000007ababf968,0x00000007abb00000)
  from space 96768K, 99% used [0x00000007ba180000,0x00000007bffff760,0x00000007c0000000)
  to   space 166400K, 0% used [0x00000007abb00000,0x00000007abb00000,0x00000007b5d80000)
 ParOldGen       total 615424K, used 488433K [0x00000006c0000000, 0x00000006e5900000, 0x000000076ab00000)
  object space 615424K, 79% used [0x00000006c0000000,0x00000006ddcfc7d0,0x00000006e5900000)
 Metaspace       used 112734K, capacity 120116K, committed 120408K, reserved 1153024K
  class space    used 14539K, capacity 15926K, committed 16000K, reserved 1048576K
Event: 573.788 GC heap after
Heap after GC invocations=47 (full 6):
 PSYoungGen      total 1164800K, used 99794K [0x000000076ab00000, 0x00000007c0000000, 0x00000007c0000000)
  eden space 1064960K, 0% used [0x000000076ab00000,0x000000076ab00000,0x00000007abb00000)
  from space 99840K, 99% used [0x00000007abb00000,0x00000007b1c74980,0x00000007b1c80000)
  to   space 167424K, 0% used [0x00000007b5c80000,0x00000007b5c80000,0x00000007c0000000)
 ParOldGen       total 615424K, used 495483K [0x00000006c0000000, 0x00000006e5900000, 0x000000076ab00000)
  object space 615424K, 80% used [0x00000006c0000000,0x00000006de3defa0,0x00000006e5900000)
 Metaspace       used 112734K, capacity 120116K, committed 120408K, reserved 1153024K
  class space    used 14539K, capacity 15926K, committed 16000K, reserved 1048576K
}

