# JRE version: OpenJDK Runtime Environment (8.0_242-b01) (build 1.8.0_242-release-1644-b01)
# Java VM: OpenJDK 64-Bit Server VM (25.242-b01 mixed mode windows-amd64 compressed oops)
Heap:
 PSYoungGen      total 116736K, used 56921K [0x00000000f5580000, 0x0000000100000000, 0x0000000100000000)
  eden space 58880K, 55% used [0x00000000f5580000,0x00000000f75a8db0,0x00000000f8f00000)
  from space 57856K, 41% used [0x00000000fc780000,0x00000000fdeed750,0x0000000100000000)
  to   space 57856K, 0% used [0x00000000f8f00000,0x00000000f8f00000,0x00000000fc780000)
 ParOldGen       total 349696K, used 235598K [0x00000000e0000000, 0x00000000f5580000, 0x00000000f5580000)
  object space 349696K, 67% used [0x00000000e0000000,0x00000000ee613a58,0x00000000f5580000)
 Metaspace       used 160518K, capacity 169087K, committed 169512K, reserved 1198080K
  class space    used 19859K, capacity 21390K, committed 21552K, reserved 1048576K
GC Heap History (10 events):
Event: 340.518 GC heap before
{Heap before GC invocations=427 (full 24):
 PSYoungGen      total 116736K, used 58880K [0x00000000f5580000, 0x0000000100000000, 0x0000000100000000)
  eden space 58880K, 100% used [0x00000000f5580000,0x00000000f8f00000,0x00000000f8f00000)
  from space 57856K, 0% used [0x00000000f8f00000,0x00000000f8f00000,0x00000000fc780000)
  to   space 57856K, 0% used [0x00000000fc780000,0x00000000fc780000,0x0000000100000000)
 ParOldGen       total 349696K, used 198113K [0x00000000e0000000, 0x00000000f5580000, 0x00000000f5580000)
  object space 349696K, 56% used [0x00000000e0000000,0x00000000ec1787b0,0x00000000f5580000)
 Metaspace       used 160389K, capacity 168959K, committed 169512K, reserved 1198080K
  class space    used 19859K, capacity 21390K, committed 21552K, reserved 1048576K
Event: 340.525 GC heap after
Heap after GC invocations=427 (full 24):
 PSYoungGen      total 116736K, used 7234K [0x00000000f5580000, 0x0000000100000000, 0x0000000100000000)
  eden space 58880K, 0% used [0x00000000f5580000,0x00000000f5580000,0x00000000f8f00000)
  from space 57856K, 12% used [0x00000000fc780000,0x00000000fce90ae8,0x0000000100000000)
  to   space 57856K, 0% used [0x00000000f8f00000,0x00000000f8f00000,0x00000000fc780000)
 ParOldGen       total 349696K, used 198121K [0x00000000e0000000, 0x00000000f5580000, 0x00000000f5580000)
  object space 349696K, 56% used [0x00000000e0000000,0x00000000ec17a7b0,0x00000000f5580000)
 Metaspace       used 160389K, capacity 168959K, committed 169512K, reserved 1198080K
  class space    used 19859K, capacity 21390K, committed 21552K, reserved 1048576K
}
Event: 340.685 GC heap before
{Heap before GC invocations=428 (full 24):
 PSYoungGen      total 116736K, used 66114K [0x00000000f5580000, 0x0000000100000000, 0x0000000100000000)
  eden space 58880K, 100% used [0x00000000f5580000,0x00000000f8f00000,0x00000000f8f00000)
  from space 57856K, 12% used [0x00000000fc780000,0x00000000fce90ae8,0x0000000100000000)
  to   space 57856K, 0% used [0x00000000f8f00000,0x00000000f8f00000,0x00000000fc780000)
 ParOldGen       total 349696K, used 198121K [0x00000000e0000000, 0x00000000f5580000, 0x00000000f5580000)
  object space 349696K, 56% used [0x00000000e0000000,0x00000000ec17a7b0,0x00000000f5580000)
 Metaspace       used 160389K, capacity 168959K, committed 169512K, reserved 1198080K
  class space    used 19859K, capacity 21390K, committed 21552K, reserved 1048576K
Event: 340.700 GC heap after
Heap after GC invocations=428 (full 24):
 PSYoungGen      total 116736K, used 24461K [0x00000000f5580000, 0x0000000100000000, 0x0000000100000000)
  eden space 58880K, 0% used [0x00000000f5580000,0x00000000f5580000,0x00000000f8f00000)
  from space 57856K, 42% used [0x00000000f8f00000,0x00000000fa6e3798,0x00000000fc780000)
  to   space 57856K, 0% used [0x00000000fc780000,0x00000000fc780000,0x0000000100000000)
 ParOldGen       total 349696K, used 204054K [0x00000000e0000000, 0x00000000f5580000, 0x00000000f5580000)
  object space 349696K, 58% used [0x00000000e0000000,0x00000000ec7458f8,0x00000000f5580000)
 Metaspace       used 160389K, capacity 168959K, committed 169512K, reserved 1198080K
  class space    used 19859K, capacity 21390K, committed 21552K, reserved 1048576K
}
Event: 340.841 GC heap before
{Heap before GC invocations=429 (full 24):
 PSYoungGen      total 116736K, used 83341K [0x00000000f5580000, 0x0000000100000000, 0x0000000100000000)
  eden space 58880K, 100% used [0x00000000f5580000,0x00000000f8f00000,0x00000000f8f00000)
  from space 57856K, 42% used [0x00000000f8f00000,0x00000000fa6e3798,0x00000000fc780000)
  to   space 57856K, 0% used [0x00000000fc780000,0x00000000fc780000,0x0000000100000000)
 ParOldGen       total 349696K, used 204054K [0x00000000e0000000, 0x00000000f5580000, 0x00000000f5580000)
  object space 349696K, 58% used [0x00000000e0000000,0x00000000ec7458f8,0x00000000f5580000)
 Metaspace       used 160389K, capacity 168959K, committed 169512K, reserved 1198080K
  class space    used 19859K, capacity 21390K, committed 21552K, reserved 1048576K
Event: 340.855 GC heap after
Heap after GC invocations=429 (full 24):
 PSYoungGen      total 116736K, used 20676K [0x00000000f5580000, 0x0000000100000000, 0x0000000100000000)
  eden space 58880K, 0% used [0x00000000f5580000,0x00000000f5580000,0x00000000f8f00000)
  from space 57856K, 35% used [0x00000000fc780000,0x00000000fdbb1130,0x0000000100000000)
  to   space 57856K, 0% used [0x00000000f8f00000,0x00000000f8f00000,0x00000000fc780000)
 ParOldGen       total 349696K, used 215729K [0x00000000e0000000, 0x00000000f5580000, 0x00000000f5580000)
  object space 349696K, 61% used [0x00000000e0000000,0x00000000ed2ac468,0x00000000f5580000)
 Metaspace       used 160389K, capacity 168959K, committed 169512K, reserved 1198080K
  class space    used 19859K, capacity 21390K, committed 21552K, reserved 1048576K
}
Event: 341.001 GC heap before
{Heap before GC invocations=430 (full 24):
 PSYoungGen      total 116736K, used 79556K [0x00000000f5580000, 0x0000000100000000, 0x0000000100000000)
  eden space 58880K, 100% used [0x00000000f5580000,0x00000000f8f00000,0x00000000f8f00000)
  from space 57856K, 35% used [0x00000000fc780000,0x00000000fdbb1130,0x0000000100000000)
  to   space 57856K, 0% used [0x00000000f8f00000,0x00000000f8f00000,0x00000000fc780000)
 ParOldGen       total 349696K, used 215729K [0x00000000e0000000, 0x00000000f5580000, 0x00000000f5580000)
  object space 349696K, 61% used [0x00000000e0000000,0x00000000ed2ac468,0x00000000f5580000)
 Metaspace       used 160389K, capacity 168959K, committed 169512K, reserved 1198080K
  class space    used 19859K, capacity 21390K, committed 21552K, reserved 1048576K
Event: 341.014 GC heap after
Heap after GC invocations=430 (full 24):
 PSYoungGen      total 116736K, used 22164K [0x00000000f5580000, 0x0000000100000000, 0x0000000100000000)
  eden space 58880K, 0% used [0x00000000f5580000,0x00000000f5580000,0x00000000f8f00000)
  from space 57856K, 38% used [0x00000000f8f00000,0x00000000fa4a52a0,0x00000000fc780000)
  to   space 57856K, 0% used [0x00000000fc780000,0x00000000fc780000,0x0000000100000000)
 ParOldGen       total 349696K, used 225265K [0x00000000e0000000, 0x00000000f5580000, 0x00000000f5580000)
  object space 349696K, 64% used [0x00000000e0000000,0x00000000edbfc6a8,0x00000000f5580000)
 Metaspace       used 160389K, capacity 168959K, committed 169512K, reserved 1198080K
  class space    used 19859K, capacity 21390K, committed 21552K, reserved 1048576K
}
Event: 341.161 GC heap before
{Heap before GC invocations=431 (full 24):
 PSYoungGen      total 116736K, used 81044K [0x00000000f5580000, 0x0000000100000000, 0x0000000100000000)
  eden space 58880K, 100% used [0x00000000f5580000,0x00000000f8f00000,0x00000000f8f00000)
  from space 57856K, 38% used [0x00000000f8f00000,0x00000000fa4a52a0,0x00000000fc780000)
  to   space 57856K, 0% used [0x00000000fc780000,0x00000000fc780000,0x0000000100000000)
 ParOldGen       total 349696K, used 225265K [0x00000000e0000000, 0x00000000f5580000, 0x00000000f5580000)
  object space 349696K, 64% used [0x00000000e0000000,0x00000000edbfc6a8,0x00000000f5580000)
 Metaspace       used 160389K, capacity 168959K, committed 169512K, reserved 1198080K
  class space    used 19859K, capacity 21390K, committed 21552K, reserved 1048576K
Event: 341.175 GC heap after
Heap after GC invocations=431 (full 24):
 PSYoungGen      total 116736K, used 23989K [0x00000000f5580000, 0x0000000100000000, 0x0000000100000000)
  eden space 58880K, 0% used [0x00000000f5580000,0x00000000f5580000,0x00000000f8f00000)
  from space 57856K, 41% used [0x00000000fc780000,0x00000000fdeed750,0x0000000100000000)
  to   space 57856K, 0% used [0x00000000f8f00000,0x00000000f8f00000,0x00000000fc780000)
 ParOldGen       total 349696K, used 235598K [0x00000000e0000000, 0x00000000f5580000, 0x00000000f5580000)
  object space 349696K, 67% used [0x00000000e0000000,0x00000000ee613a58,0x00000000f5580000)
 Metaspace       used 160389K, capacity 168959K, committed 169512K, reserved 1198080K
  class space    used 19859K, capacity 21390K, committed 21552K, reserved 1048576K
}

