# JRE version: OpenJDK Runtime Environment (8.0_242-b01) (build 1.8.0_242-release-1644-b01)
# Java VM: OpenJDK 64-Bit Server VM (25.242-b01 mixed mode windows-amd64 compressed oops)
Heap:
 PSYoungGen      total 116736K, used 19042K [0x00000000f5580000, 0x0000000100000000, 0x0000000100000000)
  eden space 58880K, 0% used [0x00000000f5580000,0x00000000f5580000,0x00000000f8f00000)
  from space 57856K, 32% used [0x00000000fc780000,0x00000000fda18ae8,0x0000000100000000)
  to   space 57856K, 0% used [0x00000000f8f00000,0x00000000f8f00000,0x00000000fc780000)
 ParOldGen       total 196608K, used 175726K [0x00000000e0000000, 0x00000000ec000000, 0x00000000f5580000)
  object space 196608K, 89% used [0x00000000e0000000,0x00000000eab9b838,0x00000000ec000000)
 Metaspace       used 93284K, capacity 97582K, committed 97832K, reserved 1134592K
  class space    used 11979K, capacity 12805K, committed 12848K, reserved 1048576K
GC Heap History (10 events):
Event: 69.894 GC heap after
Heap after GC invocations=29 (full 3):
 PSYoungGen      total 114688K, used 40429K [0x00000000f5580000, 0x0000000100000000, 0x0000000100000000)
  eden space 74240K, 0% used [0x00000000f5580000,0x00000000f5580000,0x00000000f9e00000)
  from space 40448K, 99% used [0x00000000fd880000,0x00000000ffffb758,0x0000000100000000)
  to   space 50176K, 0% used [0x00000000f9e00000,0x00000000f9e00000,0x00000000fcf00000)
 ParOldGen       total 196608K, used 123353K [0x00000000e0000000, 0x00000000ec000000, 0x00000000f5580000)
  object space 196608K, 62% used [0x00000000e0000000,0x00000000e7876790,0x00000000ec000000)
 Metaspace       used 92133K, capacity 96298K, committed 96552K, reserved 1132544K
  class space    used 11898K, capacity 12741K, committed 12848K, reserved 1048576K
}
Event: 70.318 GC heap before
{Heap before GC invocations=30 (full 3):
 PSYoungGen      total 114688K, used 114669K [0x00000000f5580000, 0x0000000100000000, 0x0000000100000000)
  eden space 74240K, 100% used [0x00000000f5580000,0x00000000f9e00000,0x00000000f9e00000)
  from space 40448K, 99% used [0x00000000fd880000,0x00000000ffffb758,0x0000000100000000)
  to   space 50176K, 0% used [0x00000000f9e00000,0x00000000f9e00000,0x00000000fcf00000)
 ParOldGen       total 196608K, used 123353K [0x00000000e0000000, 0x00000000ec000000, 0x00000000f5580000)
  object space 196608K, 62% used [0x00000000e0000000,0x00000000e7876790,0x00000000ec000000)
 Metaspace       used 92640K, capacity 96906K, committed 97064K, reserved 1134592K
  class space    used 11945K, capacity 12773K, committed 12848K, reserved 1048576K
Event: 70.368 GC heap after
Heap after GC invocations=30 (full 3):
 PSYoungGen      total 124416K, used 50158K [0x00000000f5580000, 0x0000000100000000, 0x0000000100000000)
  eden space 74240K, 0% used [0x00000000f5580000,0x00000000f5580000,0x00000000f9e00000)
  from space 50176K, 99% used [0x00000000f9e00000,0x00000000fcefbb30,0x00000000fcf00000)
  to   space 50176K, 0% used [0x00000000fcf00000,0x00000000fcf00000,0x0000000100000000)
 ParOldGen       total 196608K, used 131219K [0x00000000e0000000, 0x00000000ec000000, 0x00000000f5580000)
  object space 196608K, 66% used [0x00000000e0000000,0x00000000e8024d08,0x00000000ec000000)
 Metaspace       used 92640K, capacity 96906K, committed 97064K, reserved 1134592K
  class space    used 11945K, capacity 12773K, committed 12848K, reserved 1048576K
}
Event: 70.815 GC heap before
{Heap before GC invocations=31 (full 3):
 PSYoungGen      total 124416K, used 124398K [0x00000000f5580000, 0x0000000100000000, 0x0000000100000000)
  eden space 74240K, 100% used [0x00000000f5580000,0x00000000f9e00000,0x00000000f9e00000)
  from space 50176K, 99% used [0x00000000f9e00000,0x00000000fcefbb30,0x00000000fcf00000)
  to   space 50176K, 0% used [0x00000000fcf00000,0x00000000fcf00000,0x0000000100000000)
 ParOldGen       total 196608K, used 131219K [0x00000000e0000000, 0x00000000ec000000, 0x00000000f5580000)
  object space 196608K, 66% used [0x00000000e0000000,0x00000000e8024d08,0x00000000ec000000)
 Metaspace       used 92939K, capacity 97198K, committed 97320K, reserved 1134592K
  class space    used 11969K, capacity 12805K, committed 12848K, reserved 1048576K
Event: 70.859 GC heap after
Heap after GC invocations=31 (full 3):
 PSYoungGen      total 109056K, used 50160K [0x00000000f5580000, 0x0000000100000000, 0x0000000100000000)
  eden space 58880K, 0% used [0x00000000f5580000,0x00000000f5580000,0x00000000f8f00000)
  from space 50176K, 99% used [0x00000000fcf00000,0x00000000ffffc220,0x0000000100000000)
  to   space 57856K, 0% used [0x00000000f8f00000,0x00000000f8f00000,0x00000000fc780000)
 ParOldGen       total 196608K, used 140189K [0x00000000e0000000, 0x00000000ec000000, 0x00000000f5580000)
  object space 196608K, 71% used [0x00000000e0000000,0x00000000e88e7540,0x00000000ec000000)
 Metaspace       used 92939K, capacity 97198K, committed 97320K, reserved 1134592K
  class space    used 11969K, capacity 12805K, committed 12848K, reserved 1048576K
}
Event: 71.562 GC heap before
{Heap before GC invocations=32 (full 3):
 PSYoungGen      total 109056K, used 109040K [0x00000000f5580000, 0x0000000100000000, 0x0000000100000000)
  eden space 58880K, 100% used [0x00000000f5580000,0x00000000f8f00000,0x00000000f8f00000)
  from space 50176K, 99% used [0x00000000fcf00000,0x00000000ffffc220,0x0000000100000000)
  to   space 57856K, 0% used [0x00000000f8f00000,0x00000000f8f00000,0x00000000fc780000)
 ParOldGen       total 196608K, used 140189K [0x00000000e0000000, 0x00000000ec000000, 0x00000000f5580000)
  object space 196608K, 71% used [0x00000000e0000000,0x00000000e88e7540,0x00000000ec000000)
 Metaspace       used 93227K, capacity 97518K, committed 97832K, reserved 1134592K
  class space    used 11979K, capacity 12805K, committed 12848K, reserved 1048576K
Event: 71.599 GC heap after
Heap after GC invocations=32 (full 3):
 PSYoungGen      total 116736K, used 45133K [0x00000000f5580000, 0x0000000100000000, 0x0000000100000000)
  eden space 58880K, 0% used [0x00000000f5580000,0x00000000f5580000,0x00000000f8f00000)
  from space 57856K, 78% used [0x00000000f8f00000,0x00000000fbb13758,0x00000000fc780000)
  to   space 57856K, 0% used [0x00000000fc780000,0x00000000fc780000,0x0000000100000000)
 ParOldGen       total 196608K, used 147746K [0x00000000e0000000, 0x00000000ec000000, 0x00000000f5580000)
  object space 196608K, 75% used [0x00000000e0000000,0x00000000e9048878,0x00000000ec000000)
 Metaspace       used 93227K, capacity 97518K, committed 97832K, reserved 1134592K
  class space    used 11979K, capacity 12805K, committed 12848K, reserved 1048576K
}
Event: 72.198 GC heap before
{Heap before GC invocations=33 (full 3):
 PSYoungGen      total 116736K, used 104013K [0x00000000f5580000, 0x0000000100000000, 0x0000000100000000)
  eden space 58880K, 100% used [0x00000000f5580000,0x00000000f8f00000,0x00000000f8f00000)
  from space 57856K, 78% used [0x00000000f8f00000,0x00000000fbb13758,0x00000000fc780000)
  to   space 57856K, 0% used [0x00000000fc780000,0x00000000fc780000,0x0000000100000000)
 ParOldGen       total 196608K, used 147746K [0x00000000e0000000, 0x00000000ec000000, 0x00000000f5580000)
  object space 196608K, 75% used [0x00000000e0000000,0x00000000e9048878,0x00000000ec000000)
 Metaspace       used 93284K, capacity 97582K, committed 97832K, reserved 1134592K
  class space    used 11979K, capacity 12805K, committed 12848K, reserved 1048576K
Event: 72.241 GC heap after
Heap after GC invocations=33 (full 3):
 PSYoungGen      total 116736K, used 19042K [0x00000000f5580000, 0x0000000100000000, 0x0000000100000000)
  eden space 58880K, 0% used [0x00000000f5580000,0x00000000f5580000,0x00000000f8f00000)
  from space 57856K, 32% used [0x00000000fc780000,0x00000000fda18ae8,0x0000000100000000)
  to   space 57856K, 0% used [0x00000000f8f00000,0x00000000f8f00000,0x00000000fc780000)
 ParOldGen       total 196608K, used 175726K [0x00000000e0000000, 0x00000000ec000000, 0x00000000f5580000)
  object space 196608K, 89% used [0x00000000e0000000,0x00000000eab9b838,0x00000000ec000000)
 Metaspace       used 93284K, capacity 97582K, committed 97832K, reserved 1134592K
  class space    used 11979K, capacity 12805K, committed 12848K, reserved 1048576K
}
Event: 72.241 GC heap before
{Heap before GC invocations=34 (full 4):
 PSYoungGen      total 116736K, used 19042K [0x00000000f5580000, 0x0000000100000000, 0x0000000100000000)
  eden space 58880K, 0% used [0x00000000f5580000,0x00000000f5580000,0x00000000f8f00000)
  from space 57856K, 32% used [0x00000000fc780000,0x00000000fda18ae8,0x0000000100000000)
  to   space 57856K, 0% used [0x00000000f8f00000,0x00000000f8f00000,0x00000000fc780000)
 ParOldGen       total 196608K, used 175726K [0x00000000e0000000, 0x00000000ec000000, 0x00000000f5580000)
  object space 196608K, 89% used [0x00000000e0000000,0x00000000eab9b838,0x00000000ec000000)
 Metaspace       used 93284K, capacity 97582K, committed 97832K, reserved 1134592K
  class space    used 11979K, capacity 12805K, committed 12848K, reserved 1048576K

